

Version:	3.50
CmdLine:	C:\Users\Administrator.CCET\Downloads\CollegeTransferCertificate\saitc.exe --l4j-debug
JNI:		No
WOW64:		Yes
Working dir:	C:\Users\Administrator.CCET\Downloads\CollegeTransferCertificate\.
Requires JDK:	No
Requires 64-Bit: No
Java min ver:	1.008.000
Java max ver:	
Substitute:	JAVA_HOME = 
Substitute:	PATH = C:\Program Files\Google\Chrome\Application;C:\oraclexe\app\oracle\product\10.2.0\server\bin;C:\Program Files (x86)\Mail Enable\BIN;C:\Program Files\Common Files\Oracle\Java\javapath;C:\Program Files (x86)\Common Files\Oracle\Java\java8path;C:\Program Files (x86)\Common Files\Oracle\Java\javapath;C:\Program Files (x86)\Common Files\Intel\Shared Files\cpp\bin\Intel64;C:\Windows\system32;C:\Windows;C:\Windows\System32\Wbem;C:\Windows\System32\WindowsPowerShell\v1.0\;C:\Windows\System32\OpenSSH\;C:\Program Files (x86)\Mail Enable\BIN64;C:\Program Files (x86)\Flash Magic;C:\Program Files\Docker\Docker\resources\bin;C:\Program Files\Java\jdk-17\bin;C:\Program Files\Java\jdk-17;C:\Program Files\MySQL\MySQL Shell 8.0\bin\;C:\Users\Administrator.CCET\AppData\Local\Programs\Python\Python313\Scripts\;C:\Users\Administrator.CCET\AppData\Local\Programs\Python\Python313\;C:\Users\Administrator.CCET\AppData\Local\Microsoft\WindowsApps;C:\Program Files\CodeBlocks\MinGW\bin;C:\Program Files\Java\jdk-17;C:\Program Files\Java\jdk-17\bin;C:\Users\Administrator.CCET\AppData\Local\Programs\Microsoft VS Code\bin;C:\oraclexe\app\oracle\product\10.2.0\server\bin;C:\Program Files (x86)\Mail Enable\BIN;C:\Program Files\Common Files\Oracle\Java\javapath;C:\Program Files (x86)\Common Files\Oracle\Java\java8path;C:\Program Files (x86)\Common Files\Oracle\Java\javapath;C:\Program Files (x86)\Common Files\Intel\Shared Files\cpp\bin\Intel64;C:\Windows\system32;C:\Windows;C:\Windows\System32\Wbem;C:\Windows\System32\WindowsPowerShell\v1.0\;C:\Windows\System32\OpenSSH\;C:\Program Files (x86)\Mail Enable\BIN64;C:\Program Files (x86)\Flash Magic;C:\Program Files\Docker\Docker\resources\bin;C:\Program Files\Java\jdk-17\bin;C:\Program Files\Java\jdk-17;;C:\PROGRA~2\FLASHM~1;C:\Program Files\Java\jdk-17\bin
JRE paths:	;C:\Program Files\Google\Chrome\Application;C:\oraclexe\app\oracle\product\10.2.0\server\bin;C:\Program Files (x86)\Mail Enable\BIN;C:\Program Files\Common Files\Oracle\Java\javapath;C:\Program Files (x86)\Common Files\Oracle\Java\java8path;C:\Program Files (x86)\Common Files\Oracle\Java\javapath;C:\Program Files (x86)\Common Files\Intel\Shared Files\cpp\bin\Intel64;C:\Windows\system32;C:\Windows;C:\Windows\System32\Wbem;C:\Windows\System32\WindowsPowerShell\v1.0\;C:\Windows\System32\OpenSSH\;C:\Program Files (x86)\Mail Enable\BIN64;C:\Program Files (x86)\Flash Magic;C:\Program Files\Docker\Docker\resources\bin;C:\Program Files\Java\jdk-17\bin;C:\Program Files\Java\jdk-17;C:\Program Files\MySQL\MySQL Shell 8.0\bin\;C:\Users\Administrator.CCET\AppData\Local\Programs\Python\Python313\Scripts\;C:\Users\Administrator.CCET\AppData\Local\Programs\Python\Python313\;C:\Users\Administrator.CCET\AppData\Local\Microsoft\WindowsApps;C:\Program Files\CodeBlocks\MinGW\bin;C:\Program Files\Java\jdk-17;C:\Program Files\Java\jdk-17\bin;C:\Users\Administrator.CCET\AppData\Local\Programs\Microsoft VS Code\bin;C:\oraclexe\app\oracle\product\10.2.0\server\bin;C:\Program Files (x86)\Mail Enable\BIN;C:\Program Files\Common Files\Oracle\Java\javapath;C:\Program Files (x86)\Common Files\Oracle\Java\java8path;C:\Program Files (x86)\Common Files\Oracle\Java\javapath;C:\Program Files (x86)\Common Files\Intel\Shared Files\cpp\bin\Intel64;C:\Windows\system32;C:\Windows;C:\Windows\System32\Wbem;C:\Windows\System32\WindowsPowerShell\v1.0\;C:\Windows\System32\OpenSSH\;C:\Program Files (x86)\Mail Enable\BIN64;C:\Program Files (x86)\Flash Magic;C:\Program Files\Docker\Docker\resources\bin;C:\Program Files\Java\jdk-17\bin;C:\Program Files\Java\jdk-17;;C:\PROGRA~2\FLASHM~1;C:\Program Files\Java\jdk-17\bin
Check launcher:	C:\Program Files\Google\Chrome\Application\bin\javaw.exe (not found)
Check launcher:	C:\oraclexe\app\oracle\product\10.2.0\server\bin\javaw.exe (not found)
Check launcher:	C:\Program Files (x86)\Mail Enable\bin\javaw.exe (not found)
Check launcher:	C:\Program Files\Common Files\Oracle\Java\javapath\bin\javaw.exe (not found)
Check launcher:	C:\Program Files (x86)\Common Files\Oracle\Java\java8path\bin\javaw.exe (not found)
Check launcher:	C:\Program Files (x86)\Common Files\Oracle\Java\javapath\bin\javaw.exe (not found)
Check launcher:	C:\Program Files (x86)\Common Files\Intel\Shared Files\cpp\bin\Intel64\bin\javaw.exe (not found)
Check launcher:	C:\Windows\system32\bin\javaw.exe (not found)
Check launcher:	C:\Windows\bin\javaw.exe (not found)
Check launcher:	C:\Windows\System32\Wbem\bin\javaw.exe (not found)
Check launcher:	C:\Windows\System32\WindowsPowerShell\v1.0\bin\javaw.exe (not found)
Check launcher:	C:\Windows\System32\OpenSSH\bin\javaw.exe (not found)
Check launcher:	C:\Program Files (x86)\Mail Enable\BIN64\bin\javaw.exe (not found)
Check launcher:	C:\Program Files (x86)\Flash Magic\bin\javaw.exe (not found)
Check launcher:	C:\Program Files\Docker\Docker\resources\bin\javaw.exe (not found)
Check launcher:	C:\Program Files\Java\jdk-17\bin\javaw.exe (OK)
Version string: 1.017.000_012 / 64-Bit (OK)
Main class:	src.Loginpage
Add classpath:	lib\mysql-connector-j-9.2.0
Add classpath:	lib\itextpdf-5.5.13.3
Launcher:	C:\Program Files\Java\jdk-17\bin\javaw.exe
Launcher args:	-classpath "C:\Users\Administrator.CCET\Downloads\CollegeTransferCertificate\saitc.exe;lib\mysql-connector-j-9.2.0;lib\itextpdf-5.5.13.3" src.Loginpage
Args length:	151/32768 chars
Exit code:	0


Version:	3.50
CmdLine:	C:\Users\Administrator.CCET\Downloads\CollegeTransferCertificate\saitc.exe --l4j-debug
JNI:		No
WOW64:		Yes
Working dir:	C:\Users\Administrator.CCET\Downloads\CollegeTransferCertificate\.
Requires JDK:	No
Requires 64-Bit: No
Java min ver:	1.008.000
Java max ver:	
Substitute:	JAVA_HOME = 
Substitute:	PATH = C:\Program Files\Google\Chrome\Application;C:\oraclexe\app\oracle\product\10.2.0\server\bin;C:\Program Files (x86)\Mail Enable\BIN;C:\Program Files\Common Files\Oracle\Java\javapath;C:\Program Files (x86)\Common Files\Oracle\Java\java8path;C:\Program Files (x86)\Common Files\Oracle\Java\javapath;C:\Program Files (x86)\Common Files\Intel\Shared Files\cpp\bin\Intel64;C:\Windows\system32;C:\Windows;C:\Windows\System32\Wbem;C:\Windows\System32\WindowsPowerShell\v1.0\;C:\Windows\System32\OpenSSH\;C:\Program Files (x86)\Mail Enable\BIN64;C:\Program Files (x86)\Flash Magic;C:\Program Files\Docker\Docker\resources\bin;C:\Program Files\Java\jdk-17\bin;C:\Program Files\Java\jdk-17;C:\Program Files\MySQL\MySQL Shell 8.0\bin\;C:\Users\Administrator.CCET\AppData\Local\Programs\Python\Python313\Scripts\;C:\Users\Administrator.CCET\AppData\Local\Programs\Python\Python313\;C:\Users\Administrator.CCET\AppData\Local\Microsoft\WindowsApps;C:\Program Files\CodeBlocks\MinGW\bin;C:\Program Files\Java\jdk-17;C:\Program Files\Java\jdk-17\bin;C:\Users\Administrator.CCET\AppData\Local\Programs\Microsoft VS Code\bin;C:\oraclexe\app\oracle\product\10.2.0\server\bin;C:\Program Files (x86)\Mail Enable\BIN;C:\Program Files\Common Files\Oracle\Java\javapath;C:\Program Files (x86)\Common Files\Oracle\Java\java8path;C:\Program Files (x86)\Common Files\Oracle\Java\javapath;C:\Program Files (x86)\Common Files\Intel\Shared Files\cpp\bin\Intel64;C:\Windows\system32;C:\Windows;C:\Windows\System32\Wbem;C:\Windows\System32\WindowsPowerShell\v1.0\;C:\Windows\System32\OpenSSH\;C:\Program Files (x86)\Mail Enable\BIN64;C:\Program Files (x86)\Flash Magic;C:\Program Files\Docker\Docker\resources\bin;C:\Program Files\Java\jdk-17\bin;C:\Program Files\Java\jdk-17;;C:\PROGRA~2\FLASHM~1;C:\Program Files\Java\jdk-17\bin
JRE paths:	;C:\Program Files\Google\Chrome\Application;C:\oraclexe\app\oracle\product\10.2.0\server\bin;C:\Program Files (x86)\Mail Enable\BIN;C:\Program Files\Common Files\Oracle\Java\javapath;C:\Program Files (x86)\Common Files\Oracle\Java\java8path;C:\Program Files (x86)\Common Files\Oracle\Java\javapath;C:\Program Files (x86)\Common Files\Intel\Shared Files\cpp\bin\Intel64;C:\Windows\system32;C:\Windows;C:\Windows\System32\Wbem;C:\Windows\System32\WindowsPowerShell\v1.0\;C:\Windows\System32\OpenSSH\;C:\Program Files (x86)\Mail Enable\BIN64;C:\Program Files (x86)\Flash Magic;C:\Program Files\Docker\Docker\resources\bin;C:\Program Files\Java\jdk-17\bin;C:\Program Files\Java\jdk-17;C:\Program Files\MySQL\MySQL Shell 8.0\bin\;C:\Users\Administrator.CCET\AppData\Local\Programs\Python\Python313\Scripts\;C:\Users\Administrator.CCET\AppData\Local\Programs\Python\Python313\;C:\Users\Administrator.CCET\AppData\Local\Microsoft\WindowsApps;C:\Program Files\CodeBlocks\MinGW\bin;C:\Program Files\Java\jdk-17;C:\Program Files\Java\jdk-17\bin;C:\Users\Administrator.CCET\AppData\Local\Programs\Microsoft VS Code\bin;C:\oraclexe\app\oracle\product\10.2.0\server\bin;C:\Program Files (x86)\Mail Enable\BIN;C:\Program Files\Common Files\Oracle\Java\javapath;C:\Program Files (x86)\Common Files\Oracle\Java\java8path;C:\Program Files (x86)\Common Files\Oracle\Java\javapath;C:\Program Files (x86)\Common Files\Intel\Shared Files\cpp\bin\Intel64;C:\Windows\system32;C:\Windows;C:\Windows\System32\Wbem;C:\Windows\System32\WindowsPowerShell\v1.0\;C:\Windows\System32\OpenSSH\;C:\Program Files (x86)\Mail Enable\BIN64;C:\Program Files (x86)\Flash Magic;C:\Program Files\Docker\Docker\resources\bin;C:\Program Files\Java\jdk-17\bin;C:\Program Files\Java\jdk-17;;C:\PROGRA~2\FLASHM~1;C:\Program Files\Java\jdk-17\bin
Check launcher:	C:\Program Files\Google\Chrome\Application\bin\javaw.exe (not found)
Check launcher:	C:\oraclexe\app\oracle\product\10.2.0\server\bin\javaw.exe (not found)
Check launcher:	C:\Program Files (x86)\Mail Enable\bin\javaw.exe (not found)
Check launcher:	C:\Program Files\Common Files\Oracle\Java\javapath\bin\javaw.exe (not found)
Check launcher:	C:\Program Files (x86)\Common Files\Oracle\Java\java8path\bin\javaw.exe (not found)
Check launcher:	C:\Program Files (x86)\Common Files\Oracle\Java\javapath\bin\javaw.exe (not found)
Check launcher:	C:\Program Files (x86)\Common Files\Intel\Shared Files\cpp\bin\Intel64\bin\javaw.exe (not found)
Check launcher:	C:\Windows\system32\bin\javaw.exe (not found)
Check launcher:	C:\Windows\bin\javaw.exe (not found)
Check launcher:	C:\Windows\System32\Wbem\bin\javaw.exe (not found)
Check launcher:	C:\Windows\System32\WindowsPowerShell\v1.0\bin\javaw.exe (not found)
Check launcher:	C:\Windows\System32\OpenSSH\bin\javaw.exe (not found)
Check launcher:	C:\Program Files (x86)\Mail Enable\BIN64\bin\javaw.exe (not found)
Check launcher:	C:\Program Files (x86)\Flash Magic\bin\javaw.exe (not found)
Check launcher:	C:\Program Files\Docker\Docker\resources\bin\javaw.exe (not found)
Check launcher:	C:\Program Files\Java\jdk-17\bin\javaw.exe (OK)
Version string: 1.017.000_012 / 64-Bit (OK)
Main class:	src.Loginpage
Add classpath:	lib\mysql-connector-j-9.2.0
Add classpath:	lib\itextpdf-5.5.13.3
Launcher:	C:\Program Files\Java\jdk-17\bin\javaw.exe
Launcher args:	-classpath "C:\Users\Administrator.CCET\Downloads\CollegeTransferCertificate\saitc.exe;lib\mysql-connector-j-9.2.0;lib\itextpdf-5.5.13.3" src.Loginpage
Args length:	151/32768 chars
Exit code:	0


Version:	3.50
CmdLine:	C:\Users\Administrator.CCET\Downloads\CollegeTransferCertificate\saitcc.exe --l4j-debug
JNI:		No
WOW64:		Yes
Working dir:	C:\Users\Administrator.CCET\Downloads\CollegeTransferCertificate\.
Requires JDK:	No
Requires 64-Bit: No
Java min ver:	1.008.000
Java max ver:	
Substitute:	JAVA_HOME = 
Substitute:	PATH = C:\Program Files\Google\Chrome\Application;C:\oraclexe\app\oracle\product\10.2.0\server\bin;C:\Program Files (x86)\Mail Enable\BIN;C:\Program Files\Common Files\Oracle\Java\javapath;C:\Program Files (x86)\Common Files\Oracle\Java\java8path;C:\Program Files (x86)\Common Files\Oracle\Java\javapath;C:\Program Files (x86)\Common Files\Intel\Shared Files\cpp\bin\Intel64;C:\Windows\system32;C:\Windows;C:\Windows\System32\Wbem;C:\Windows\System32\WindowsPowerShell\v1.0\;C:\Windows\System32\OpenSSH\;C:\Program Files (x86)\Mail Enable\BIN64;C:\Program Files (x86)\Flash Magic;C:\Program Files\Docker\Docker\resources\bin;C:\Program Files\Java\jdk-17\bin;C:\Program Files\Java\jdk-17;C:\Program Files\MySQL\MySQL Shell 8.0\bin\;C:\Users\Administrator.CCET\AppData\Local\Programs\Python\Python313\Scripts\;C:\Users\Administrator.CCET\AppData\Local\Programs\Python\Python313\;C:\Users\Administrator.CCET\AppData\Local\Microsoft\WindowsApps;C:\Program Files\CodeBlocks\MinGW\bin;C:\Program Files\Java\jdk-17;C:\Program Files\Java\jdk-17\bin;C:\Users\Administrator.CCET\AppData\Local\Programs\Microsoft VS Code\bin;C:\oraclexe\app\oracle\product\10.2.0\server\bin;C:\Program Files (x86)\Mail Enable\BIN;C:\Program Files\Common Files\Oracle\Java\javapath;C:\Program Files (x86)\Common Files\Oracle\Java\java8path;C:\Program Files (x86)\Common Files\Oracle\Java\javapath;C:\Program Files (x86)\Common Files\Intel\Shared Files\cpp\bin\Intel64;C:\Windows\system32;C:\Windows;C:\Windows\System32\Wbem;C:\Windows\System32\WindowsPowerShell\v1.0\;C:\Windows\System32\OpenSSH\;C:\Program Files (x86)\Mail Enable\BIN64;C:\Program Files (x86)\Flash Magic;C:\Program Files\Docker\Docker\resources\bin;C:\Program Files\Java\jdk-17\bin;C:\Program Files\Java\jdk-17;;C:\PROGRA~2\FLASHM~1;C:\Program Files\Java\jdk-17\bin
JRE paths:	;C:\Program Files\Google\Chrome\Application;C:\oraclexe\app\oracle\product\10.2.0\server\bin;C:\Program Files (x86)\Mail Enable\BIN;C:\Program Files\Common Files\Oracle\Java\javapath;C:\Program Files (x86)\Common Files\Oracle\Java\java8path;C:\Program Files (x86)\Common Files\Oracle\Java\javapath;C:\Program Files (x86)\Common Files\Intel\Shared Files\cpp\bin\Intel64;C:\Windows\system32;C:\Windows;C:\Windows\System32\Wbem;C:\Windows\System32\WindowsPowerShell\v1.0\;C:\Windows\System32\OpenSSH\;C:\Program Files (x86)\Mail Enable\BIN64;C:\Program Files (x86)\Flash Magic;C:\Program Files\Docker\Docker\resources\bin;C:\Program Files\Java\jdk-17\bin;C:\Program Files\Java\jdk-17;C:\Program Files\MySQL\MySQL Shell 8.0\bin\;C:\Users\Administrator.CCET\AppData\Local\Programs\Python\Python313\Scripts\;C:\Users\Administrator.CCET\AppData\Local\Programs\Python\Python313\;C:\Users\Administrator.CCET\AppData\Local\Microsoft\WindowsApps;C:\Program Files\CodeBlocks\MinGW\bin;C:\Program Files\Java\jdk-17;C:\Program Files\Java\jdk-17\bin;C:\Users\Administrator.CCET\AppData\Local\Programs\Microsoft VS Code\bin;C:\oraclexe\app\oracle\product\10.2.0\server\bin;C:\Program Files (x86)\Mail Enable\BIN;C:\Program Files\Common Files\Oracle\Java\javapath;C:\Program Files (x86)\Common Files\Oracle\Java\java8path;C:\Program Files (x86)\Common Files\Oracle\Java\javapath;C:\Program Files (x86)\Common Files\Intel\Shared Files\cpp\bin\Intel64;C:\Windows\system32;C:\Windows;C:\Windows\System32\Wbem;C:\Windows\System32\WindowsPowerShell\v1.0\;C:\Windows\System32\OpenSSH\;C:\Program Files (x86)\Mail Enable\BIN64;C:\Program Files (x86)\Flash Magic;C:\Program Files\Docker\Docker\resources\bin;C:\Program Files\Java\jdk-17\bin;C:\Program Files\Java\jdk-17;;C:\PROGRA~2\FLASHM~1;C:\Program Files\Java\jdk-17\bin
Check launcher:	C:\Program Files\Google\Chrome\Application\bin\javaw.exe (not found)
Check launcher:	C:\oraclexe\app\oracle\product\10.2.0\server\bin\javaw.exe (not found)
Check launcher:	C:\Program Files (x86)\Mail Enable\bin\javaw.exe (not found)
Check launcher:	C:\Program Files\Common Files\Oracle\Java\javapath\bin\javaw.exe (not found)
Check launcher:	C:\Program Files (x86)\Common Files\Oracle\Java\java8path\bin\javaw.exe (not found)
Check launcher:	C:\Program Files (x86)\Common Files\Oracle\Java\javapath\bin\javaw.exe (not found)
Check launcher:	C:\Program Files (x86)\Common Files\Intel\Shared Files\cpp\bin\Intel64\bin\javaw.exe (not found)
Check launcher:	C:\Windows\system32\bin\javaw.exe (not found)
Check launcher:	C:\Windows\bin\javaw.exe (not found)
Check launcher:	C:\Windows\System32\Wbem\bin\javaw.exe (not found)
Check launcher:	C:\Windows\System32\WindowsPowerShell\v1.0\bin\javaw.exe (not found)
Check launcher:	C:\Windows\System32\OpenSSH\bin\javaw.exe (not found)
Check launcher:	C:\Program Files (x86)\Mail Enable\BIN64\bin\javaw.exe (not found)
Check launcher:	C:\Program Files (x86)\Flash Magic\bin\javaw.exe (not found)
Check launcher:	C:\Program Files\Docker\Docker\resources\bin\javaw.exe (not found)
Check launcher:	C:\Program Files\Java\jdk-17\bin\javaw.exe (OK)
Version string: 1.017.000_012 / 64-Bit (OK)
Main class:	src.LoginPage
Add classpath:	lib\mysql-connector-j-9.2.0
Add classpath:	lib\itextpdf-5.5.13.3
Launcher:	C:\Program Files\Java\jdk-17\bin\javaw.exe
Launcher args:	-classpath "C:\Users\Administrator.CCET\Downloads\CollegeTransferCertificate\saitcc.exe;lib\mysql-connector-j-9.2.0;lib\itextpdf-5.5.13.3" src.LoginPage
Args length:	152/32768 chars
Exit code:	0


Version:	3.50
CmdLine:	C:\Users\Administrator.CCET\Downloads\CollegeTransferCertificate\saitcc.exe --l4j-debug
JNI:		No
WOW64:		Yes
Working dir:	C:\Users\Administrator.CCET\Downloads\CollegeTransferCertificate\.
Requires JDK:	No
Requires 64-Bit: No
Java min ver:	1.008.000
Java max ver:	
Substitute:	JAVA_HOME = 
Substitute:	PATH = C:\Program Files\Google\Chrome\Application;C:\oraclexe\app\oracle\product\10.2.0\server\bin;C:\Program Files (x86)\Mail Enable\BIN;C:\Program Files\Common Files\Oracle\Java\javapath;C:\Program Files (x86)\Common Files\Oracle\Java\java8path;C:\Program Files (x86)\Common Files\Oracle\Java\javapath;C:\Program Files (x86)\Common Files\Intel\Shared Files\cpp\bin\Intel64;C:\Windows\system32;C:\Windows;C:\Windows\System32\Wbem;C:\Windows\System32\WindowsPowerShell\v1.0\;C:\Windows\System32\OpenSSH\;C:\Program Files (x86)\Mail Enable\BIN64;C:\Program Files (x86)\Flash Magic;C:\Program Files\Docker\Docker\resources\bin;C:\Program Files\Java\jdk-17\bin;C:\Program Files\Java\jdk-17;C:\Program Files\MySQL\MySQL Shell 8.0\bin\;C:\Users\Administrator.CCET\AppData\Local\Programs\Python\Python313\Scripts\;C:\Users\Administrator.CCET\AppData\Local\Programs\Python\Python313\;C:\Users\Administrator.CCET\AppData\Local\Microsoft\WindowsApps;C:\Program Files\CodeBlocks\MinGW\bin;C:\Program Files\Java\jdk-17;C:\Program Files\Java\jdk-17\bin;C:\Users\Administrator.CCET\AppData\Local\Programs\Microsoft VS Code\bin;C:\oraclexe\app\oracle\product\10.2.0\server\bin;C:\Program Files (x86)\Mail Enable\BIN;C:\Program Files\Common Files\Oracle\Java\javapath;C:\Program Files (x86)\Common Files\Oracle\Java\java8path;C:\Program Files (x86)\Common Files\Oracle\Java\javapath;C:\Program Files (x86)\Common Files\Intel\Shared Files\cpp\bin\Intel64;C:\Windows\system32;C:\Windows;C:\Windows\System32\Wbem;C:\Windows\System32\WindowsPowerShell\v1.0\;C:\Windows\System32\OpenSSH\;C:\Program Files (x86)\Mail Enable\BIN64;C:\Program Files (x86)\Flash Magic;C:\Program Files\Docker\Docker\resources\bin;C:\Program Files\Java\jdk-17\bin;C:\Program Files\Java\jdk-17;;C:\PROGRA~2\FLASHM~1;C:\Program Files\Java\jdk-17\bin
JRE paths:	;C:\Program Files\Google\Chrome\Application;C:\oraclexe\app\oracle\product\10.2.0\server\bin;C:\Program Files (x86)\Mail Enable\BIN;C:\Program Files\Common Files\Oracle\Java\javapath;C:\Program Files (x86)\Common Files\Oracle\Java\java8path;C:\Program Files (x86)\Common Files\Oracle\Java\javapath;C:\Program Files (x86)\Common Files\Intel\Shared Files\cpp\bin\Intel64;C:\Windows\system32;C:\Windows;C:\Windows\System32\Wbem;C:\Windows\System32\WindowsPowerShell\v1.0\;C:\Windows\System32\OpenSSH\;C:\Program Files (x86)\Mail Enable\BIN64;C:\Program Files (x86)\Flash Magic;C:\Program Files\Docker\Docker\resources\bin;C:\Program Files\Java\jdk-17\bin;C:\Program Files\Java\jdk-17;C:\Program Files\MySQL\MySQL Shell 8.0\bin\;C:\Users\Administrator.CCET\AppData\Local\Programs\Python\Python313\Scripts\;C:\Users\Administrator.CCET\AppData\Local\Programs\Python\Python313\;C:\Users\Administrator.CCET\AppData\Local\Microsoft\WindowsApps;C:\Program Files\CodeBlocks\MinGW\bin;C:\Program Files\Java\jdk-17;C:\Program Files\Java\jdk-17\bin;C:\Users\Administrator.CCET\AppData\Local\Programs\Microsoft VS Code\bin;C:\oraclexe\app\oracle\product\10.2.0\server\bin;C:\Program Files (x86)\Mail Enable\BIN;C:\Program Files\Common Files\Oracle\Java\javapath;C:\Program Files (x86)\Common Files\Oracle\Java\java8path;C:\Program Files (x86)\Common Files\Oracle\Java\javapath;C:\Program Files (x86)\Common Files\Intel\Shared Files\cpp\bin\Intel64;C:\Windows\system32;C:\Windows;C:\Windows\System32\Wbem;C:\Windows\System32\WindowsPowerShell\v1.0\;C:\Windows\System32\OpenSSH\;C:\Program Files (x86)\Mail Enable\BIN64;C:\Program Files (x86)\Flash Magic;C:\Program Files\Docker\Docker\resources\bin;C:\Program Files\Java\jdk-17\bin;C:\Program Files\Java\jdk-17;;C:\PROGRA~2\FLASHM~1;C:\Program Files\Java\jdk-17\bin
Check launcher:	C:\Program Files\Google\Chrome\Application\bin\javaw.exe (not found)
Check launcher:	C:\oraclexe\app\oracle\product\10.2.0\server\bin\ja

Version:	3.50
CmdLine:	C:\Users\Administrator.CCET\Downloads\CollegeTransferCertificate\saitcc.exe --l4j-debug
JNI:		No
WOW64:		Yes
Working dir:	C:\Users\Administrator.CCET\Downloads\CollegeTransferCertificate\.
Requires JDK:	No
Requires 64-Bit: No
Java min ver:	1.008.000
Java max ver:	
Substitute:	JAVA_HOME = 
Substitute:	PATH = C:\Program Files\Google\Chrome\Application;C:\oraclexe\app\oracle\product\10.2.0\server\bin;C:\Program Files (x86)\Mail Enable\BIN;C:\Program Files\Common Files\Oracle\Java\javapath;C:\Program Files (x86)\Common Files\Oracle\Java\java8path;C:\Program Files (x86)\Common Files\Oracle\Java\javapath;C:\Program Files (x86)\Common Files\Intel\Shared Files\cpp\bin\Intel64;C:\Windows\system32;C:\Windows;C:\Windows\System32\Wbem;C:\Windows\System32\WindowsPowerShell\v1.0\;C:\Windows\System32\OpenSSH\;C:\Program Files (x86)\Mail Enable\BIN64;C:\Program Files (x86)\Flash Magic;C:\Program Files\Docker\Docker\resources\bin;C:\Program Files\Java\jdk-17\bin;C:\Program Files\Java\jdk-17;C:\Program Files\MySQL\MySQL Shell 8.0\bin\;C:\Users\Administrator.CCET\AppData\Local\Programs\Python\Python313\Scripts\;C:\Users\Administrator.CCET\AppData\Local\Programs\Python\Python313\;C:\Users\Administrator.CCET\AppData\Local\Microsoft\WindowsApps;C:\Program Files\CodeBlocks\MinGW\bin;C:\Program Files\Java\jdk-17;C:\Program Files\Java\jdk-17\bin;C:\Users\Administrator.CCET\AppData\Local\Programs\Microsoft VS Code\bin;C:\oraclexe\app\oracle\product\10.2.0\server\bin;C:\Program Files (x86)\Mail Enable\BIN;C:\Program Files\Common Files\Oracle\Java\javapath;C:\Program Files (x86)\Common Files\Oracle\Java\java8path;C:\Program Files (x86)\Common Files\Oracle\Java\javapath;C:\Program Files (x86)\Common Files\Intel\Shared Files\cpp\bin\Intel64;C:\Windows\system32;C:\Windows;C:\Windows\System32\Wbem;C:\Windows\System32\WindowsPowerShell\v1.0\;C:\Windows\System32\OpenSSH\;C:\Program Files (x86)\Mail Enable\BIN64;C:\Program Files (x86)\Flash Magic;C:\Program Files\Docker\Docker\resources\bin;C:\Program Files\Java\jdk-17\bin;C:\Program Files\Java\jdk-17;;C:\PROGRA~2\FLASHM~1;C:\Program Files\Java\jdk-17\bin
JRE paths:	;C:\Program Files\Google\Chrome\Application;C:\oraclexe\app\oracle\product\10.2.0\server\bin;C:\Program Files (x86)\Mail Enable\BIN;C:\Program Files\Common Files\Oracle\Java\javapath;C:\Program Files (x86)\Common Files\Oracle\Java\java8path;C:\Program Files (x86)\Common Files\Oracle\Java\javapath;C:\Program Files (x86)\Common Files\Intel\Shared Files\cpp\bin\Intel64;C:\Windows\system32;C:\Windows;C:\Windows\System32\Wbem;C:\Windows\System32\WindowsPowerShell\v1.0\;C:\Windows\System32\OpenSSH\;C:\Program Files (x86)\Mail Enable\BIN64;C:\Program Files (x86)\Flash Magic;C:\Program Files\Docker\Docker\resources\bin;C:\Program Files\Java\jdk-17\bin;C:\Program Files\Java\jdk-17;C:\Program Files\MySQL\MySQL Shell 8.0\bin\;C:\Users\Administrator.CCET\AppData\Local\Programs\Python\Python313\Scripts\;C:\Users\Administrator.CCET\AppData\Local\Programs\Python\Python313\;C:\Users\Administrator.CCET\AppData\Local\Microsoft\WindowsApps;C:\Program Files\CodeBlocks\MinGW\bin;C:\Program Files\Java\jdk-17;C:\Program Files\Java\jdk-17\bin;C:\Users\Administrator.CCET\AppData\Local\Programs\Microsoft VS Code\bin;C:\oraclexe\app\oracle\product\10.2.0\server\bin;C:\Program Files (x86)\Mail Enable\BIN;C:\Program Files\Common Files\Oracle\Java\javapath;C:\Program Files (x86)\Common Files\Oracle\Java\java8path;C:\Program Files (x86)\Common Files\Oracle\Java\javapath;C:\Program Files (x86)\Common Files\Intel\Shared Files\cpp\bin\Intel64;C:\Windows\system32;C:\Windows;C:\Windows\System32\Wbem;C:\Windows\System32\WindowsPowerShell\v1.0\;C:\Windows\System32\OpenSSH\;C:\Program Files (x86)\Mail Enable\BIN64;C:\Program Files (x86)\Flash Magic;C:\Program Files\Docker\Docker\resources\bin;C:\Program Files\Java\jdk-17\bin;C:\Program Files\Java\jdk-17;;C:\PROGRA~2\FLASHM~1;C:\Program Files\Java\jdk-17\bin
Check launcher:	C:\Program Files\Google\Chrome\Application\bin\javaw.exe (not found)
Check launcher:	C:\oraclexe\app\oracle\product\10.2.0\server\bin\javaw.exe (not found)
Check launcher:	C:\Program Files (x86)\Mail Enable\bin\javaw.exe (not found)
Check launcher:	C:\Program Files\Common Files\Oracle\Java\javapath\bin\javaw.exe (not found)
Check launcher:	C:\Program Files (x86)\Common Files\Oracle\Java\java8path\bin\javaw.exe (not found)
Check launcher:	C:\Program Files (x86)\Common Files\Oracle\Java\javapath\bin\javaw.exe (not found)
Check launcher:	C:\Program Files (x86)\Common Files\Intel\Shared Files\cpp\bin\Intel64\bin\javaw.exe (not found)
Check launcher:	C:\Windows\system32\bin\javaw.exe (not found)
Check launcher:	C:\Windows\bin\javaw.exe (not found)
Check launcher:	C:\Windows\System32\Wbem\bin\javaw.exe (not found)
Check launcher:	C:\Windows\System32\WindowsPowerShell\v1.0\bin\javaw.exe (not found)
Check launcher:	C:\Windows\System32\OpenSSH\bin\javaw.exe (not found)
Check launcher:	C:\Program Files (x86)\Mail Enable\BIN64\bin\javaw.exe (not found)
Check launcher:	C:\Program Files (x86)\Flash Magic\bin\javaw.exe (not found)
Check launcher:	C:\Program Files\Docker\Docker\resources\bin\javaw.exe (not found)
Check launcher:	C:\Program Files\Java\jdk-17\bin\javaw.exe (OK)
Version string: 1.017.000_012 / 64-Bit (OK)
Main class:	src.LoginPage
Add classpath:	lib\mysql-connector-j-9.2.0
Add classpath:	lib\itextpdf-5.5.13.3
Launcher:	C:\Program Files\Java\jdk-17\bin\javaw.exe
Launcher args:	-classpath "C:\Users\Administrator.CCET\Downloads\CollegeTransferCertificate\saitcc.exe;lib\mysql-connector-j-9.2.0;lib\itextpdf-5.5.13.3" src.LoginPage
Args length:	152/32768 chars
Exit code:	0
vaw.exe (not found)
Check launcher:	C:\Program Files (x86)\Mail Enable\bin\javaw.exe (not found)
Check launcher:	C:\Program Files\Common Files\Oracle\Java\javapath\bin\javaw.exe (not found)
Check launcher:	C:\Program Files (x86)\Common Files\Oracle\Java\java8path\bin\javaw.exe (not found)
Check launcher:	C:\Program Files (x86)\Common Files\Oracle\Java\javapath\bin\javaw.exe (not found)
Check launcher:	C:\Program Files (x86)\Common Files\Intel\Shared Files\cpp\bin\Intel64\bin\javaw.exe (not found)
Check launcher:	C:\Windows\system32\bin\javaw.exe (not found)
Check launcher:	C:\Windows\bin\javaw.exe (not found)
Check launcher:	C:\Windows\System32\Wbem\bin\javaw.exe (not found)
Check launcher:	C:\Windows\System32\WindowsPowerShell\v1.0\bin\javaw.exe (not found)
Check launcher:	C:\Windows\System32\OpenSSH\bin\javaw.exe (not found)
Check launcher:	C:\Program Files (x86)\Mail Enable\BIN64\bin\javaw.exe (not found)
Check launcher:	C:\Program Files (x86)\Flash Magic\bin\javaw.exe (not found)
Check launcher:	C:\Program Files\Docker\Docker\resources\bin\javaw.exe (not found)
Check launcher:	C:\Program Files\Java\jdk-17\bin\javaw.exe (OK)
Version string: 1.017.000_012 / 64-Bit (OK)
Main class:	src.LoginPage
Add classpath:	lib\mysql-connector-j-9.2.0
Add classpath:	lib\itextpdf-5.5.13.3
Launcher:	C:\Program Files\Java\jdk-17\bin\javaw.exe
Launcher args:	-classpath "C:\Users\Administrator.CCET\Downloads\CollegeTransferCertificate\saitcc.exe;lib\mysql-connector-j-9.2.0;lib\itextpdf-5.5.13.3" src.LoginPage
Args length:	152/32768 chars
Exit code:	0


Version:	3.50
CmdLine:	C:\Users\Administrator.CCET\Downloads\CollegeTransferCertificate\saitcc.exe --l4j-debug
JNI:		No
WOW64:		Yes
Working dir:	C:\Users\Administrator.CCET\Downloads\CollegeTransferCertificate\.
Requires JDK:	No
Requires 64-Bit: No
Java min ver:	1.008.000
Java max ver:	
Substitute:	JAVA_HOME = 
Substitute:	PATH = C:\Program Files\Google\Chrome\Application;C:\oraclexe\app\oracle\product\10.2.0\server\bin;C:\Program Files (x86)\Mail Enable\BIN;C:\Program Files\Common Files\Oracle\Java\javapath;C:\Program Files (x86)\Common Files\Oracle\Java\java8path;C:\Program Files (x86)\Common Files\Oracle\Java\javapath;C:\Program Files (x86)\Common Files\Intel\Shared Files\cpp\bin\Intel64;C:\Windows\system32;C:\Windows;C:\Windows\System32\Wbem;C:\Windows\System32\WindowsPowerShell\v1.0\;C:\Windows\System32\OpenSSH\;C:\Program Files (x86)\Mail Enable\BIN64;C:\Program Files (x86)\Flash Magic;C:\Program Files\Docker\Docker\resources\bin;C:\Program Files\Java\jdk-17\bin;C:\Program Files\Java\jdk-17;C:\Program Files\MySQL\MySQL Shell 8.0\bin\;C:\Users\Administrator.CCET\AppData\Local\Programs\Python\Python313\Scripts\;C:\Users\Administrator.CCET\AppData\Local\Programs\Python\Python313\;C:\Users\Administrator.CCET\AppData\Local\Microsoft\WindowsApps;C:\Program Files\CodeBlocks\MinGW\bin;C:\Program Files\Java\jdk-17;C:\Program Files\Java\jdk-17\bin;C:\Users\Administrator.CCET\AppData\Local\Programs\Microsoft VS Code\bin;C:\oraclexe\app\oracle\product\10.2.0\server\bin;C:\Program Files (x86)\Mail Enable\BIN;C:\Program Files\Common Files\Oracle\Java\javapath;C:\Program Files (x86)\Common Files\Oracle\Java\java8path;C:\Program Files (x86)\Common Files\Oracle\Java\javapath;C:\Program Files (x86)\Common Files\Intel\Shared Files\cpp\bin\Intel64;C:\Windows\system32;C:\Windows;C:\Windows\System32\Wbem;C:\Windows\System32\WindowsPowerShell\v1.0\;C:\Windows\System32\OpenSSH\;C:\Program Files (x86)\Mail Enable\BIN64;C:\Program Files (x86)\Flash Magic;C:\Program Files\Docker\Docker\resources\bin;C:\Program Files\Java\jdk-17\bin;C:\Program Files\Java\jdk-17;;C:\PROGRA~2\FLASHM~1;C:\Program Files\Java\jdk-17\bin
JRE paths:	;C:\Program Files\Google\Chrome\Application;C:\oraclexe\app\oracle\product\10.2.0\server\bin;C:\Program Files (x86)\Mail Enable\BIN;C:\Program Files\Common Files\Oracle\Java\javapath;C:\Program Files (x86)\Common Files\Oracle\Java\java8path;C:\Program Files (x86)\Common Files\Oracle\Java\javapath;C:\Program Files (x86)\Common Files\Intel\Shared Files\cpp\bin\Intel64;C:\Windows\system32;C:\Windows;C:\Windows\System32\Wbem;C:\Windows\System32\WindowsPowerShell\v1.0\;C:\Windows\System32\OpenSSH\;C:\Program Files (x86)\Mail Enable\BIN64;C:\Program Files (x86)\Flash Magic;C:\Program Files\Docker\Docker\resources\bin;C:\Program Files\Java\jdk-17\bin;C:\Program Files\Java\jdk-17;C:\Program Files\MySQL\MySQL Shell 8.0\bin\;C:\Users\Administrator.CCET\AppData\Local\Programs\Python\Python313\Scripts\;C:\Users\Administrator.CCET\AppData\Local\Programs\Python\Python313\;C:\Users\Administrator.CCET\AppData\Local\Microsoft\WindowsApps;C:\Program Files\CodeBlocks\MinGW\bin;C:\Program Files\Java\jdk-17;C:\Program Files\Java\jdk-17\bin;C:\Users\Administrator.CCET\AppData\Local\Programs\Microsoft VS Code\bin;C:\oraclexe\app\oracle\product\10.2.0\server\bin;C:\Program Files (x86)\Mail Enable\BIN;C:\Program Files\Common Files\Oracle\Java\javapath;C:\Program Files (x86)\Common Files\Oracle\Java\java8path;C:\Program Files (x86)\Common Files\Oracle\Java\javapath;C:\Program Files (x86)\Common Files\Intel\Shared Files\cpp\bin\Intel64;C:\Windows\system32;C:\Windows;C:\Windows\System32\Wbem;C:\Windows\System32\WindowsPowerShell\v1.0\;C:\Windows\System32\OpenSSH\;C:\Program Files (x86)\Mail Enable\BIN64;C:\Program Files (x86)\Flash Magic;C:\Program Files\Docker\Docker\resources\bin;C:\Program Files\Java\jdk-17\bin;C:\Program Files\Java\jdk-17;;C:\PROGRA~2\FLASHM~1;C:\Program Files\Java\jdk-17\bin
Check launcher:	C:\Program Files\Google\Chrome\Application\bin\javaw.exe (not found)
Check launcher:	C:\oraclexe\app\oracle\product\10.2.0\server\bin\javaw.exe (not found)
Check launcher:	C:\Program Files (x86)\Mail Enable\bin\javaw.exe (not found)
Check launcher:	C:\Program Files\Common Files\Oracle\Java\javapath\bin\javaw.exe (not found)
Check launcher:	C:\Program Files (x86)\Common Files\Oracle\Java\java8path\bin\javaw.exe (not found)
Check launcher:	C:\Program Files (x86)\Common Files\Oracle\Java\javapath\bin\javaw.exe (not found)
Check launcher:	C:\Program Files (x86)\Common Files\Intel\Shared Files\cpp\bin\Intel64\bin\javaw.exe (not found)
Check launcher:	C:\Windows\system32\bin\javaw.exe (not found)
Check launcher:	C:\Windows\bin\javaw.exe (not found)
Check launcher:	C:\Windows\System32\Wbem\bin\javaw.exe (not found)
Check launcher:	C:\Windows\System32\WindowsPowerShell\v1.0\bin\javaw.exe (not found)
Check launcher:	C:\Windows\System32\OpenSSH\bin\javaw.exe (not found)
Check launcher:	C:\Program Files (x86)\Mail Enable\BIN64\bin\javaw.exe (not found)
Check launcher:	C:\Program Files (x86)\Flash Magic\bin\javaw.exe (not found)
Check launcher:	C:\Program Files\Docker\Docker\resources\bin\javaw.exe (not found)
Check launcher:	C:\Program Files\Java\jdk-17\bin\javaw.exe (OK)
Version string: 1.017.000_012 / 64-Bit (OK)
Main class:	src.LoginPage
Add classpath:	lib\mysql-connector-j-9.2.0
Add classpath:	lib\itextpdf-5.5.13.3
Launcher:	C:\Program Files\Java\jdk-17\bin\javaw.exe
Launcher args:	-classpath "C:\Users\Administrator.CCET\Downloads\CollegeTransferCertificate\saitcc.exe;lib\mysql-connector-j-9.2.0;lib\itextpdf-5.5.13.3" src.LoginPage
Args length:	152/32768 chars
Exit code:	0


Version:	3.50
CmdLine:	C:\Users\Administrator.CCET\Downloads\CollegeTransferCertificate\saitcc.exe --l4j-debug
JNI:		No
WOW64:		Yes
Working dir:	C:\Users\Administrator.CCET\Downloads\CollegeTransferCertificate\.
Requires JDK:	No
Requires 64-Bit: No
Java min ver:	1.008.000
Java max ver:	
Substitute:	JAVA_HOME = 
Substitute:	PATH = C:\Program Files\Google\Chrome\Application;C:\oraclexe\app\oracle\product\10.2.0\server\bin;C:\Program Files (x86)\Mail Enable\BIN;C:\Program Files\Common Files\Oracle\Java\javapath;C:\Program Files (x86)\Common Files\Oracle\Java\java8path;C:\Program Files (x86)\Common Files\Oracle\Java\javapath;C:\Program Files (x86)\Common Files\Intel\Shared Files\cpp\bin\Intel64;C:\Windows\system32;C:\Windows;C:\Windows\System32\Wbem;C:\Windows\System32\WindowsPowerShell\v1.0\;C:\Windows\System32\OpenSSH\;C:\Program Files (x86)\Mail Enable\BIN64;C:\Program Files (x86)\Flash Magic;C:\Program Files\Docker\Docker\resources\bin;C:\Program Files\Java\jdk-17\bin;C:\Program Files\Java\jdk-17;C:\Program Files\MySQL\MySQL Shell 8.0\bin\;C:\Users\Administrator.CCET\AppData\Local\Programs\Python\Python313\Scripts\;C:\Users\Administrator.CCET\AppData\Local\Programs\Python\Python313\;C:\Users\Administrator.CCET\AppData\Local\Microsoft\WindowsApps;C:\Program Files\CodeBlocks\MinGW\bin;C:\Program Files\Java\jdk-17;C:\Program Files\Java\jdk-17\bin;C:\Users\Administrator.CCET\AppData\Local\Programs\Microsoft VS Code\bin;C:\oraclexe\app\oracle\product\10.2.0\server\bin;C:\Program Files (x86)\Mail Enable\BIN;C:\Program Files\Common Files\Oracle\Java\javapath;C:\Program Files (x86)\Common Files\Oracle\Java\java8path;C:\Program Files (x86)\Common Files\Oracle\Java\javapath;C:\Program Files (x86)\Common Files\Intel\Shared Files\cpp\bin\Intel64;C:\Windows\system32;C:\Windows;C:\Windows\System32\Wbem;C:\Windows\System32\WindowsPowerShell\v1.0\;C:\Windows\System32\OpenSSH\;C:\Program Files (x86)\Mail Enable\BIN64;C:\Program Files (x86)\Flash Magic;C:\Program Files\Docker\Docker\resources\bin;C:\Program Files\Java\jdk-17\bin;C:\Program Files\Java\jdk-17;;C:\PROGRA~2\FLASHM~1;C:\Program Files\Java\jdk-17\bin
JRE paths:	;C:\Program Files\Google\Chrome\Application;C:\oraclexe\app\oracle\product\10.2.0\server\bin;C:\Program Files (x86)\Mail Enable\BIN;C:\Program Files\Common Files\Oracle\Java\javapath;C:\Program Files (x86)\Common Files\Oracle\Java\java8path;C:\Program Files (x86)\Common Files\Oracle\Java\javapath;C:\Program Files (x86)\Common Files\Intel\Shared Files\cpp\bin\Intel64;C:\Windows\system32;C:\Windows;C:\Windows\System32\Wbem;C:\Windows\System32\WindowsPowerShell\v1.0\;C:\Windows\System32\OpenSSH\;C:\Program Files (x86)\Mail Enable\BIN64;C:\Program Files (x86)\Flash Magic;C:\Program Files\Docker\Docker\resources\bin;C:\Program Files\Java\jdk-17\bin;C:\Program Files\Java\jdk-17;C:\Program Files\MySQL\MySQL Shell 8.0\bin\;C:\Users\Administrator.CCET\AppData\Local\Programs\Python\Python313\Scripts\;C:\Users\Administrator.CCET\AppData\Local\Programs\Python\Python313\;C:\Users\Administrator.CCET\AppData\Local\Microsoft\WindowsApps;C:\Program Files\CodeBlocks\MinGW\bin;C:\Program Files\Java\jdk-17;C:\Program Files\Java\jdk-17\bin;C:\Users\Administrator.CCET\AppData\Local\Programs\Microsoft VS Code\bin;C:\oraclexe\app\oracle\product\10.2.0\server\bin;C:\Program Files (x86)\Mail Enable\BIN;C:\Program Files\Common Files\Oracle\Java\javapath;C:\Program Files (x86)\Common Files\Oracle\Java\java8path;C:\Program Files (x86)\Common Files\Oracle\Java\javapath;C:\Program Files (x86)\Common Files\Intel\Shared Files\cpp\bin\Intel64;C:\Windows\system32;C:\Windows;C:\Windows\System32\Wbem;C:\Windows\System32\WindowsPowerShell\v1.0\;C:\Windows\System32\OpenSSH\;C:\Program Files (x86)\Mail Enable\BIN64;C:\Program Files (x86)\Flash Magic;C:\Program Files\Docker\Docker\resources\bin;C:\Program Files\Java\jdk-17\bin;C:\Program Files\Java\jdk-17;;C:\PROGRA~2\FLASHM~1;C:\Program Files\Java\jdk-17\bin
Check launcher:	C:\Program Files\Google\Chrome\Application\bin\javaw.exe (not found)
Check launcher:	C:\oraclexe\app\oracle\product\10.2.0\server\bin\ja

Version:	3.50
CmdLine:	C:\Users\Administrator.CCET\Downloads\CollegeTransferCertificate\saitcc.exe --l4j-debug
JNI:		No
WOW64:		Yes
Working dir:	C:\Users\Administrator.CCET\Downloads\CollegeTransferCertificate\.
Requires JDK:	No
Requires 64-Bit: No
Java min ver:	1.008.000
Java max ver:	
Substitute:	JAVA_HOME = 
Substitute:	PATH = C:\Program Files\Google\Chrome\Application;C:\oraclexe\app\oracle\product\10.2.0\server\bin;C:\Program Files (x86)\Mail Enable\BIN;C:\Program Files\Common Files\Oracle\Java\javapath;C:\Program Files (x86)\Common Files\Oracle\Java\java8path;C:\Program Files (x86)\Common Files\Oracle\Java\javapath;C:\Program Files (x86)\Common Files\Intel\Shared Files\cpp\bin\Intel64;C:\Windows\system32;C:\Windows;C:\Windows\System32\Wbem;C:\Windows\System32\WindowsPowerShell\v1.0\;C:\Windows\System32\OpenSSH\;C:\Program Files (x86)\Mail Enable\BIN64;C:\Program Files (x86)\Flash Magic;C:\Program Files\Docker\Docker\resources\bin;C:\Program Files\Java\jdk-17\bin;C:\Program Files\Java\jdk-17;C:\Program Files\MySQL\MySQL Shell 8.0\bin\;C:\Users\Administrator.CCET\AppData\Local\Programs\Python\Python313\Scripts\;C:\Users\Administrator.CCET\AppData\Local\Programs\Python\Python313\;C:\Users\Administrator.CCET\AppData\Local\Microsoft\WindowsApps;C:\Program Files\CodeBlocks\MinGW\bin;C:\Program Files\Java\jdk-17;C:\Program Files\Java\jdk-17\bin;C:\Users\Administrator.CCET\AppData\Local\Programs\Microsoft VS Code\bin;C:\oraclexe\app\oracle\product\10.2.0\server\bin;C:\Program Files (x86)\Mail Enable\BIN;C:\Program Files\Common Files\Oracle\Java\javapath;C:\Program Files (x86)\Common Files\Oracle\Java\java8path;C:\Program Files (x86)\Common Files\Oracle\Java\javapath;C:\Program Files (x86)\Common Files\Intel\Shared Files\cpp\bin\Intel64;C:\Windows\system32;C:\Windows;C:\Windows\System32\Wbem;C:\Windows\System32\WindowsPowerShell\v1.0\;C:\Windows\System32\OpenSSH\;C:\Program Files (x86)\Mail Enable\BIN64;C:\Program Files (x86)\Flash Magic;C:\Program Files\Docker\Docker\resources\bin;C:\Program Files\Java\jdk-17\bin;C:\Program Files\Java\jdk-17;;C:\PROGRA~2\FLASHM~1;C:\Program Files\Java\jdk-17\bin
JRE paths:	;C:\Program Files\Google\Chrome\Application;C:\oraclexe\app\oracle\product\10.2.0\server\bin;C:\Program Files (x86)\Mail Enable\BIN;C:\Program Files\Common Files\Oracle\Java\javapath;C:\Program Files (x86)\Common Files\Oracle\Java\java8path;C:\Program Files (x86)\Common Files\Oracle\Java\javapath;C:\Program Files (x86)\Common Files\Intel\Shared Files\cpp\bin\Intel64;C:\Windows\system32;C:\Windows;C:\Windows\System32\Wbem;C:\Windows\System32\WindowsPowerShell\v1.0\;C:\Windows\System32\OpenSSH\;C:\Program Files (x86)\Mail Enable\BIN64;C:\Program Files (x86)\Flash Magic;C:\Program Files\Docker\Docker\resources\bin;C:\Program Files\Java\jdk-17\bin;C:\Program Files\Java\jdk-17;C:\Program Files\MySQL\MySQL Shell 8.0\bin\;C:\Users\Administrator.CCET\AppData\Local\Programs\Python\Python313\Scripts\;C:\Users\Administrator.CCET\AppData\Local\Programs\Python\Python313\;C:\Users\Administrator.CCET\AppData\Local\Microsoft\WindowsApps;C:\Program Files\CodeBlocks\MinGW\bin;C:\Program Files\Java\jdk-17;C:\Program Files\Java\jdk-17\bin;C:\Users\Administrator.CCET\AppData\Local\Programs\Microsoft VS Code\bin;C:\oraclexe\app\oracle\product\10.2.0\server\bin;C:\Program Files (x86)\Mail Enable\BIN;C:\Program Files\Common Files\Oracle\Java\javapath;C:\Program Files (x86)\Common Files\Oracle\Java\java8path;C:\Program Files (x86)\Common Files\Oracle\Java\javapath;C:\Program Files (x86)\Common Files\Intel\Shared Files\cpp\bin\Intel64;C:\Windows\system32;C:\Windows;C:\Windows\System32\Wbem;C:\Windows\System32\WindowsPowerShell\v1.0\;C:\Windows\System32\OpenSSH\;C:\Program Files (x86)\Mail Enable\BIN64;C:\Program Files (x86)\Flash Magic;C:\Program Files\Docker\Docker\resources\bin;C:\Program Files\Java\jdk-17\bin;C:\Program Files\Java\jdk-17;;C:\PROGRA~2\FLASHM~1;C:\Program Files\Java\jdk-17\bin
Check launcher:	C:\Program Files\Google\Chrome\Application\bin\javaw.exe (not found)
Check launcher:	C:\oraclexe\app\oracle\product\10.2.0\server\bin\javaw.exe (not found)
Check launcher:	C:\Program Files (x86)\Mail Enable\bin\javaw.exe (not found)
Check launcher:	C:\Program Files\Common Files\Oracle\Java\javapath\bin\javaw.exe (not found)
Check launcher:	C:\Program Files (x86)\Common Files\Oracle\Java\java8path\bin\javaw.exe (not found)
Check launcher:	C:\Program Files (x86)\Common Files\Oracle\Java\javapath\bin\javaw.exe (not found)
Check launcher:	C:\Program Files (x86)\Common Files\Intel\Shared Files\cpp\bin\Intel64\bin\javaw.exe (not found)
Check launcher:	C:\Windows\system32\bin\javaw.exe (not found)
Check launcher:	C:\Windows\bin\javaw.exe (not found)
Check launcher:	C:\Windows\System32\Wbem\bin\javaw.exe (not found)
Check launcher:	C:\Windows\System32\WindowsPowerShell\v1.0\bin\javaw.exe (not found)
Check launcher:	C:\Windows\System32\OpenSSH\bin\javaw.exe (not found)
Check launcher:	C:\Program Files (x86)\Mail Enable\BIN64\bin\javaw.exe (not found)
Check launcher:	C:\Program Files (x86)\Flash Magic\bin\javaw.exe (not found)
Check launcher:	C:\Program Files\Docker\Docker\resources\bin\javaw.exe (not found)
Check launcher:	C:\Program Files\Java\jdk-17\bin\javaw.exe (OK)
Version string: 1.017.000_012 / 64-Bit (OK)
Main class:	src.MainMenu
Add classpath:	lib\mysql-connector-j-9.2.0
Add classpath:	lib\itextpdf-5.5.13.3
Launcher:	C:\Program Files\Java\jdk-17\bin\javaw.exe
Launcher args:	-classpath "C:\Users\Administrator.CCET\Downloads\CollegeTransferCertificate\saitcc.exe;lib\mysql-connector-j-9.2.0;lib\itextpdf-5.5.13.3" src.MainMenu
Args length:	151/32768 chars
Exit code:	0
vaw.exe (not found)
Check launcher:	C:\Program Files (x86)\Mail Enable\bin\javaw.exe (not found)
Check launcher:	C:\Program Files\Common Files\Oracle\Java\javapath\bin\javaw.exe (not found)
Check launcher:	C:\Program Files (x86)\Common Files\Oracle\Java\java8path\bin\javaw.exe (not found)
Check launcher:	C:\Program Files (x86)\Common Files\Oracle\Java\javapath\bin\javaw.exe (not found)
Check launcher:	C:\Program Files (x86)\Common Files\Intel\Shared Files\cpp\bin\Intel64\bin\javaw.exe (not found)
Check launcher:	C:\Windows\system32\bin\javaw.exe (not found)
Check launcher:	C:\Windows\bin\javaw.exe (not found)
Check launcher:	C:\Windows\System32\Wbem\bin\javaw.exe (not found)
Check launcher:	C:\Windows\System32\WindowsPowerShell\v1.0\bin\javaw.exe (not found)
Check launcher:	C:\Windows\System32\OpenSSH\bin\javaw.exe (not found)
Check launcher:	C:\Program Files (x86)\Mail Enable\BIN64\bin\javaw.exe (not found)
Check launcher:	C:\Program Files (x86)\Flash Magic\bin\javaw.exe (not found)
Check launcher:	C:\Program Files\Docker\Docker\resources\bin\javaw.exe (not found)
Check launcher:	C:\Program Files\Java\jdk-17\bin\javaw.exe (OK)
Version string: 1.017.000_012 / 64-Bit (OK)
Main class:	src.MainMenu
Add classpath:	lib\mysql-connector-j-9.2.0
Add classpath:	lib\itextpdf-5.5.13.3
Launcher:	C:\Program Files\Java\jdk-17\bin\javaw.exe
Launcher args:	-classpath "C:\Users\Administrator.CCET\Downloads\CollegeTransferCertificate\saitcc.exe;lib\mysql-connector-j-9.2.0;lib\itextpdf-5.5.13.3" src.MainMenu
Args length:	151/32768 chars
Exit code:	0


Version:	3.50
CmdLine:	C:\Users\Administrator.CCET\Downloads\CollegeTransferCertificate\saitcc.exe --l4j-debug
JNI:		No
WOW64:		Yes
Working dir:	C:\Users\Administrator.CCET\Downloads\CollegeTransferCertificate\.
Requires JDK:	No
Requires 64-Bit: No
Java min ver:	1.008.000
Java max ver:	
Substitute:	JAVA_HOME = 
Substitute:	PATH = C:\Program Files\Google\Chrome\Application;C:\oraclexe\app\oracle\product\10.2.0\server\bin;C:\Program Files (x86)\Mail Enable\BIN;C:\Program Files\Common Files\Oracle\Java\javapath;C:\Program Files (x86)\Common Files\Oracle\Java\java8path;C:\Program Files (x86)\Common Files\Oracle\Java\javapath;C:\Program Files (x86)\Common Files\Intel\Shared Files\cpp\bin\Intel64;C:\Windows\system32;C:\Windows;C:\Windows\System32\Wbem;C:\Windows\System32\WindowsPowerShell\v1.0\;C:\Windows\System32\OpenSSH\;C:\Program Files (x86)\Mail Enable\BIN64;C:\Program Files (x86)\Flash Magic;C:\Program Files\Docker\Docker\resources\bin;C:\Program Files\Java\jdk-17\bin;C:\Program Files\Java\jdk-17;C:\Program Files\MySQL\MySQL Shell 8.0\bin\;C:\Users\Administrator.CCET\AppData\Local\Programs\Python\Python313\Scripts\;C:\Users\Administrator.CCET\AppData\Local\Programs\Python\Python313\;C:\Users\Administrator.CCET\AppData\Local\Microsoft\WindowsApps;C:\Program Files\CodeBlocks\MinGW\bin;C:\Program Files\Java\jdk-17;C:\Program Files\Java\jdk-17\bin;C:\Users\Administrator.CCET\AppData\Local\Programs\Microsoft VS Code\bin;C:\oraclexe\app\oracle\product\10.2.0\server\bin;C:\Program Files (x86)\Mail Enable\BIN;C:\Program Files\Common Files\Oracle\Java\javapath;C:\Program Files (x86)\Common Files\Oracle\Java\java8path;C:\Program Files (x86)\Common Files\Oracle\Java\javapath;C:\Program Files (x86)\Common Files\Intel\Shared Files\cpp\bin\Intel64;C:\Windows\system32;C:\Windows;C:\Windows\System32\Wbem;C:\Windows\System32\WindowsPowerShell\v1.0\;C:\Windows\System32\OpenSSH\;C:\Program Files (x86)\Mail Enable\BIN64;C:\Program Files (x86)\Flash Magic;C:\Program Files\Docker\Docker\resources\bin;C:\Program Files\Java\jdk-17\bin;C:\Program Files\Java\jdk-17;;C:\PROGRA~2\FLASHM~1;C:\Program Files\Java\jdk-17\bin
JRE paths:	;C:\Program Files\Google\Chrome\Application;C:\oraclexe\app\oracle\product\10.2.0\server\bin;C:\Program Files (x86)\Mail Enable\BIN;C:\Program Files\Common Files\Oracle\Java\javapath;C:\Program Files (x86)\Common Files\Oracle\Java\java8path;C:\Program Files (x86)\Common Files\Oracle\Java\javapath;C:\Program Files (x86)\Common Files\Intel\Shared Files\cpp\bin\Intel64;C:\Windows\system32;C:\Windows;C:\Windows\System32\Wbem;C:\Windows\System32\WindowsPowerShell\v1.0\;C:\Windows\System32\OpenSSH\;C:\Program Files (x86)\Mail Enable\BIN64;C:\Program Files (x86)\Flash Magic;C:\Program Files\Docker\Docker\resources\bin;C:\Program Files\Java\jdk-17\bin;C:\Program Files\Java\jdk-17;C:\Program Files\MySQL\MySQL Shell 8.0\bin\;C:\Users\Administrator.CCET\AppData\Local\Programs\Python\Python313\Scripts\;C:\Users\Administrator.CCET\AppData\Local\Programs\Python\Python313\;C:\Users\Administrator.CCET\AppData\Local\Microsoft\WindowsApps;C:\Program Files\CodeBlocks\MinGW\bin;C:\Program Files\Java\jdk-17;C:\Program Files\Java\jdk-17\bin;C:\Users\Administrator.CCET\AppData\Local\Programs\Microsoft VS Code\bin;C:\oraclexe\app\oracle\product\10.2.0\server\bin;C:\Program Files (x86)\Mail Enable\BIN;C:\Program Files\Common Files\Oracle\Java\javapath;C:\Program Files (x86)\Common Files\Oracle\Java\java8path;C:\Program Files (x86)\Common Files\Oracle\Java\javapath;C:\Program Files (x86)\Common Files\Intel\Shared Files\cpp\bin\Intel64;C:\Windows\system32;C:\Windows;C:\Windows\System32\Wbem;C:\Windows\System32\WindowsPowerShell\v1.0\;C:\Windows\System32\OpenSSH\;C:\Program Files (x86)\Mail Enable\BIN64;C:\Program Files (x86)\Flash Magic;C:\Program Files\Docker\Docker\resources\bin;C:\Program Files\Java\jdk-17\bin;C:\Program Files\Java\jdk-17;;C:\PROGRA~2\FLASHM~1;C:\Program Files\Java\jdk-17\bin
Check launcher:	C:\Program Files\Google\Chrome\Application\bin\javaw.exe (not found)
Check launcher:	C:\oraclexe\app\oracle\product\10.2.0\server\bin\javaw.exe (not found)
Check launcher:	C:\Program Files (x86)\Mail Enable\bin\javaw.exe (not found)
Check launcher:	C:\Program Files\Common Files\Oracle\Java\javapath\bin\javaw.exe (not found)
Check launcher:	C:\Program Files (x86)\Common Files\Oracle\Java\java8path\bin\javaw.exe (not found)
Check launcher:	C:\Program Files (x86)\Common Files\Oracle\Java\javapath\bin\javaw.exe (not found)
Check launcher:	C:\Program Files (x86)\Common Files\Intel\Shared Files\cpp\bin\Intel64\bin\javaw.exe (not found)
Check launcher:	C:\Windows\system32\bin\javaw.exe (not found)
Check launcher:	C:\Windows\bin\javaw.exe (not found)
Check launcher:	C:\Windows\System32\Wbem\bin\javaw.exe (not found)
Check launcher:	C:\Windows\System32\WindowsPowerShell\v1.0\bin\javaw.exe (not found)
Check launcher:	C:\Windows\System32\OpenSSH\bin\javaw.exe (not found)
Check launcher:	C:\Program Files (x86)\Mail Enable\BIN64\bin\javaw.exe (not found)
Check launcher:	C:\Program Files (x86)\Flash Magic\bin\javaw.exe (not found)
Check launcher:	C:\Program Files\Docker\Docker\resources\bin\javaw.exe (not found)
Check launcher:	C:\Program Files\Java\jdk-17\bin\javaw.exe (OK)
Version string: 1.017.000_012 / 64-Bit (OK)
Main class:	src.MainMenu
Add classpath:	lib\mysql-connector-j-9.2.0
Add classpath:	lib\itextpdf-5.5.13.3
Launcher:	C:\Program Files\Java\jdk-17\bin\javaw.exe
Launcher args:	-classpath "C:\Users\Administrator.CCET\Downloads\CollegeTransferCertificate\saitcc.exe;lib\mysql-connector-j-9.2.0;lib\itextpdf-5.5.13.3" src.MainMenu
Args length:	151/32768 chars
Exit code:	0


Version:	3.50
CmdLine:	C:\Users\Administrator.CCET\Downloads\CollegeTransferCertificate\saitcc.exe --l4j-debug
JNI:		No
WOW64:		Yes
Working dir:	C:\Users\Administrator.CCET\Downloads\CollegeTransferCertificate\.
Requires JDK:	No
Requires 64-Bit: No
Java min ver:	1.008.000
Java max ver:	
Substitute:	JAVA_HOME = 
Substitute:	PATH = C:\Program Files\Google\Chrome\Application;C:\oraclexe\app\oracle\product\10.2.0\server\bin;C:\Program Files (x86)\Mail Enable\BIN;C:\Program Files\Common Files\Oracle\Java\javapath;C:\Program Files (x86)\Common Files\Oracle\Java\java8path;C:\Program Files (x86)\Common Files\Oracle\Java\javapath;C:\Program Files (x86)\Common Files\Intel\Shared Files\cpp\bin\Intel64;C:\Windows\system32;C:\Windows;C:\Windows\System32\Wbem;C:\Windows\System32\WindowsPowerShell\v1.0\;C:\Windows\System32\OpenSSH\;C:\Program Files (x86)\Mail Enable\BIN64;C:\Program Files (x86)\Flash Magic;C:\Program Files\Docker\Docker\resources\bin;C:\Program Files\Java\jdk-17\bin;C:\Program Files\Java\jdk-17;C:\Program Files\MySQL\MySQL Shell 8.0\bin\;C:\Users\Administrator.CCET\AppData\Local\Programs\Python\Python313\Scripts\;C:\Users\Administrator.CCET\AppData\Local\Programs\Python\Python313\;C:\Users\Administrator.CCET\AppData\Local\Microsoft\WindowsApps;C:\Program Files\CodeBlocks\MinGW\bin;C:\Program Files\Java\jdk-17;C:\Program Files\Java\jdk-17\bin;C:\Users\Administrator.CCET\AppData\Local\Programs\Microsoft VS Code\bin;C:\oraclexe\app\oracle\product\10.2.0\server\bin;C:\Program Files (x86)\Mail Enable\BIN;C:\Program Files\Common Files\Oracle\Java\javapath;C:\Program Files (x86)\Common Files\Oracle\Java\java8path;C:\Program Files (x86)\Common Files\Oracle\Java\javapath;C:\Program Files (x86)\Common Files\Intel\Shared Files\cpp\bin\Intel64;C:\Windows\system32;C:\Windows;C:\Windows\System32\Wbem;C:\Windows\System32\WindowsPowerShell\v1.0\;C:\Windows\System32\OpenSSH\;C:\Program Files (x86)\Mail Enable\BIN64;C:\Program Files (x86)\Flash Magic;C:\Program Files\Docker\Docker\resources\bin;C:\Program Files\Java\jdk-17\bin;C:\Program Files\Java\jdk-17;;C:\PROGRA~2\FLASHM~1;C:\Program Files\Java\jdk-17\bin
JRE paths:	;C:\Program Files\Google\Chrome\Application;C:\oraclexe\app\oracle\product\10.2.0\server\bin;C:\Program Files (x86)\Mail Enable\BIN;C:\Program Files\Common Files\Oracle\Java\javapath;C:\Program Files (x86)\Common Files\Oracle\Java\java8path;C:\Program Files (x86)\Common Files\Oracle\Java\javapath;C:\Program Files (x86)\Common Files\Intel\Shared Files\cpp\bin\Intel64;C:\Windows\system32;C:\Windows;C:\Windows\System32\Wbem;C:\Windows\System32\WindowsPowerShell\v1.0\;C:\Windows\System32\OpenSSH\;C:\Program Files (x86)\Mail Enable\BIN64;C:\Program Files (x86)\Flash Magic;C:\Program Files\Docker\Docker\resources\bin;C:\Program Files\Java\jdk-17\bin;C:\Program Files\Java\jdk-17;C:\Program Files\MySQL\MySQL Shell 8.0\bin\;C:\Users\Administrator.CCET\AppData\Local\Programs\Python\Python313\Scripts\;C:\Users\Administrator.CCET\AppData\Local\Programs\Python\Python313\;C:\Users\Administrator.CCET\AppData\Local\Microsoft\WindowsApps;C:\Program Files\CodeBlocks\MinGW\bin;C:\Program Files\Java\jdk-17;C:\Program Files\Java\jdk-17\bin;C:\Users\Administrator.CCET\AppData\Local\Programs\Microsoft VS Code\bin;C:\oraclexe\app\oracle\product\10.2.0\server\bin;C:\Program Files (x86)\Mail Enable\BIN;C:\Program Files\Common Files\Oracle\Java\javapath;C:\Program Files (x86)\Common Files\Oracle\Java\java8path;C:\Program Files (x86)\Common Files\Oracle\Java\javapath;C:\Program Files (x86)\Common Files\Intel\Shared Files\cpp\bin\Intel64;C:\Windows\system32;C:\Windows;C:\Windows\System32\Wbem;C:\Windows\System32\WindowsPowerShell\v1.0\;C:\Windows\System32\OpenSSH\;C:\Program Files (x86)\Mail Enable\BIN64;C:\Program Files (x86)\Flash Magic;C:\Program Files\Docker\Docker\resources\bin;C:\Program Files\Java\jdk-17\bin;C:\Program Files\Java\jdk-17;;C:\PROGRA~2\FLASHM~1;C:\Program Files\Java\jdk-17\bin
Check launcher:	C:\Program Files\Google\Chrome\Application\bin\javaw.exe (not found)
Check launcher:	C:\oraclexe\app\oracle\product\10.2.0\server\bin\javaw.exe (not found)
Check launcher:	C:\Program Files (x86)\Mail Enable\bin\javaw.exe (not found)
Check launcher:	C:\Program Files\Common Files\Oracle\Java\javapath\bin\javaw.exe (not found)
Check launcher:	C:\Program Files (x86)\Common Files\Oracle\Java\java8path\bin\javaw.exe (not found)
Check launcher:	C:\Program Files (x86)\Common Files\Oracle\Java\javapath\bin\javaw.exe (not found)
Check launcher:	C:\Program Files (x86)\Common Files\Intel\Shared Files\cpp\bin\Intel64\bin\javaw.exe (not found)
Check launcher:	C:\Windows\system32\bin\javaw.exe (not found)
Check launcher:	C:\Windows\bin\javaw.exe (not found)
Check launcher:	C:\Windows\System32\Wbem\bin\javaw.exe (not found)
Check launcher:	C:\Windows\System32\WindowsPowerShell\v1.0\bin\javaw.exe (not found)
Check launcher:	C:\Windows\System32\OpenSSH\bin\javaw.exe (not found)
Check launcher:	C:\Program Files (x86)\Mail Enable\BIN64\bin\javaw.exe (not found)
Check launcher:	C:\Program Files (x86)\Flash Magic\bin\javaw.exe (not found)
Check launcher:	C:\Program Files\Docker\Docker\resources\bin\javaw.exe (not found)
Check launcher:	C:\Program Files\Java\jdk-17\bin\javaw.exe (OK)
Version string: 1.017.000_012 / 64-Bit (OK)
Main class:	src.LoginPage
Add classpath:	lib\mysql-connector-j-9.2.0
Add classpath:	lib\itextpdf-5.5.13.3
Launcher:	C:\Program Files\Java\jdk-17\bin\javaw.exe
Launcher args:	-classpath "C:\Users\Administrator.CCET\Downloads\CollegeTransferCertificate\saitcc.exe;lib\mysql-connector-j-9.2.0;lib\itextpdf-5.5.13.3" src.LoginPage
Args length:	152/32768 chars
Exit code:	0


Version:	3.50
CmdLine:	C:\Users\Administrator.CCET\Downloads\CollegeTransferCertificate\saitcc.exe --l4j-debug
JNI:		No
WOW64:		Yes
Working dir:	C:\Users\Administrator.CCET\Downloads\CollegeTransferCertificate\.
Requires JDK:	No
Requires 64-Bit: No
Java min ver:	1.008.000
Java max ver:	
Substitute:	JAVA_HOME = 
Substitute:	PATH = C:\Program Files\Google\Chrome\Application;C:\oraclexe\app\oracle\product\10.2.0\server\bin;C:\Program Files (x86)\Mail Enable\BIN;C:\Program Files\Common Files\Oracle\Java\javapath;C:\Program Files (x86)\Common Files\Oracle\Java\java8path;C:\Program Files (x86)\Common Files\Oracle\Java\javapath;C:\Program Files (x86)\Common Files\Intel\Shared Files\cpp\bin\Intel64;C:\Windows\system32;C:\Windows;C:\Windows\System32\Wbem;C:\Windows\System32\WindowsPowerShell\v1.0\;C:\Windows\System32\OpenSSH\;C:\Program Files (x86)\Mail Enable\BIN64;C:\Program Files (x86)\Flash Magic;C:\Program Files\Docker\Docker\resources\bin;C:\Program Files\Java\jdk-17\bin;C:\Program Files\Java\jdk-17;C:\Program Files\MySQL\MySQL Shell 8.0\bin\;C:\Users\Administrator.CCET\AppData\Local\Programs\Python\Python313\Scripts\;C:\Users\Administrator.CCET\AppData\Local\Programs\Python\Python313\;C:\Users\Administrator.CCET\AppData\Local\Microsoft\WindowsApps;C:\Program Files\CodeBlocks\MinGW\bin;C:\Program Files\Java\jdk-17;C:\Program Files\Java\jdk-17\bin;C:\Users\Administrator.CCET\AppData\Local\Programs\Microsoft VS Code\bin;C:\oraclexe\app\oracle\product\10.2.0\server\bin;C:\Program Files (x86)\Mail Enable\BIN;C:\Program Files\Common Files\Oracle\Java\javapath;C:\Program Files (x86)\Common Files\Oracle\Java\java8path;C:\Program Files (x86)\Common Files\Oracle\Java\javapath;C:\Program Files (x86)\Common Files\Intel\Shared Files\cpp\bin\Intel64;C:\Windows\system32;C:\Windows;C:\Windows\System32\Wbem;C:\Windows\System32\WindowsPowerShell\v1.0\;C:\Windows\System32\OpenSSH\;C:\Program Files (x86)\Mail Enable\BIN64;C:\Program Files (x86)\Flash Magic;C:\Program Files\Docker\Docker\resources\bin;C:\Program Files\Java\jdk-17\bin;C:\Program Files\Java\jdk-17;;C:\PROGRA~2\FLASHM~1;C:\Program Files\Java\jdk-17\bin
JRE paths:	;C:\Program Files\Google\Chrome\Application;C:\oraclexe\app\oracle\product\10.2.0\server\bin;C:\Program Files (x86)\Mail Enable\BIN;C:\Program Files\Common Files\Oracle\Java\javapath;C:\Program Files (x86)\Common Files\Oracle\Java\java8path;C:\Program Files (x86)\Common Files\Oracle\Java\javapath;C:\Program Files (x86)\Common Files\Intel\Shared Files\cpp\bin\Intel64;C:\Windows\system32;C:\Windows;C:\Windows\System32\Wbem;C:\Windows\System32\WindowsPowerShell\v1.0\;C:\Windows\System32\OpenSSH\;C:\Program Files (x86)\Mail Enable\BIN64;C:\Program Files (x86)\Flash Magic;C:\Program Files\Docker\Docker\resources\bin;C:\Program Files\Java\jdk-17\bin;C:\Program Files\Java\jdk-17;C:\Program Files\MySQL\MySQL Shell 8.0\bin\;C:\Users\Administrator.CCET\AppData\Local\Programs\Python\Python313\Scripts\;C:\Users\Administrator.CCET\AppData\Local\Programs\Python\Python313\;C:\Users\Administrator.CCET\AppData\Local\Microsoft\WindowsApps;C:\Program Files\CodeBlocks\MinGW\bin;C:\Program Files\Java\jdk-17;C:\Program Files\Java\jdk-17\bin;C:\Users\Administrator.CCET\AppData\Local\Programs\Microsoft VS Code\bin;C:\oraclexe\app\oracle\product\10.2.0\server\bin;C:\Program Files (x86)\Mail Enable\BIN;C:\Program Files\Common Files\Oracle\Java\javapath;C:\Program Files (x86)\Common Files\Oracle\Java\java8path;C:\Program Files (x86)\Common Files\Oracle\Java\javapath;C:\Program Files (x86)\Common Files\Intel\Shared Files\cpp\bin\Intel64;C:\Windows\system32;C:\Windows;C:\Windows\System32\Wbem;C:\Windows\System32\WindowsPowerShell\v1.0\;C:\Windows\System32\OpenSSH\;C:\Program Files (x86)\Mail Enable\BIN64;C:\Program Files (x86)\Flash Magic;C:\Program Files\Docker\Docker\resources\bin;C:\Program Files\Java\jdk-17\bin;C:\Program Files\Java\jdk-17;;C:\PROGRA~2\FLASHM~1;C:\Program Files\Java\jdk-17\bin
Check launcher:	C:\Program Files\Google\Chrome\Application\bin\javaw.exe (not found)
Check launcher:	C:\oraclexe\app\oracle\product\10.2.0\server\bin\javaw.exe (not found)
Check launcher:	C:\Program Files (x86)\Mail Enable\bin\javaw.exe (not found)
Check launcher:	C:\Program Files\Common Files\Oracle\Java\javapath\bin\javaw.exe (not found)
Check launcher:	C:\Program Files (x86)\Common Files\Oracle\Java\java8path\bin\javaw.exe (not found)
Check launcher:	C:\Program Files (x86)\Common Files\Oracle\Java\javapath\bin\javaw.exe (not found)
Check launcher:	C:\Program Files (x86)\Common Files\Intel\Shared Files\cpp\bin\Intel64\bin\javaw.exe (not found)
Check launcher:	C:\Windows\system32\bin\javaw.exe (not found)
Check launcher:	C:\Windows\bin\javaw.exe (not found)
Check launcher:	C:\Windows\System32\Wbem\bin\javaw.exe (not found)
Check launcher:	C:\Windows\System32\WindowsPowerShell\v1.0\bin\javaw.exe (not found)
Check launcher:	C:\Windows\System32\OpenSSH\bin\javaw.exe (not found)
Check launcher:	C:\Program Files (x86)\Mail Enable\BIN64\bin\javaw.exe (not found)
Check launcher:	C:\Program Files (x86)\Flash Magic\bin\javaw.exe (not found)
Check launcher:	C:\Program Files\Docker\Docker\resources\bin\javaw.exe (not found)
Check launcher:	C:\Program Files\Java\jdk-17\bin\javaw.exe (OK)
Version string: 1.017.000_012 / 64-Bit (OK)
Main class:	src.LoginPage
Add classpath:	lib\mysql-connector-j-9.2.0
Add classpath:	lib\itextpdf-5.5.13.3
Launcher:	C:\Program Files\Java\jdk-17\bin\javaw.exe
Launcher args:	-classpath "C:\Users\Administrator.CCET\Downloads\CollegeTransferCertificate\saitcc.exe;lib\mysql-connector-j-9.2.0;lib\itextpdf-5.5.13.3" src.LoginPage
Args length:	152/32768 chars
Exit code:	0


Version:	3.50
CmdLine:	C:\Users\ins1f\Downloads\CollegeTransferCertificate\saiccet.exe --l4j-debug
JNI:		No
WOW64:		Yes
Working dir:	C:\Users\ins1f\Downloads\CollegeTransferCertificate\.
Requires JDK:	No
Requires 64-Bit: No
Java min ver:	1.008.000
Java max ver:	
Substitute:	JAVA_HOME = 
Substitute:	PATH = C:\Users\ins1f\AppData\Local\Programs\Python\Python312\Scripts;C:\Program Files\Common Files\Oracle\Java\javapath;C:\Program Files (x86)\Common Files\Intel\Shared Libraries\redist\intel64\compiler;C:\WINDOWS\system32;C:\WINDOWS;C:\WINDOWS\System32\Wbem;C:\WINDOWS\System32\WindowsPowerShell\v1.0\;C:\WINDOWS\System32\OpenSSH\;C:\Program Files\dotnet\;C:\ProgramData\chocolatey\bin;E:\;C:\Program Files\nodejs\;C:\Program Files\Java\jdk-17\bin;C:\Program Files\MySQL\MySQL Shell 8.0\bin\;C:\Users\ins1f\AppData\Local\Programs\Python\Python312\Scripts\;C:\Users\ins1f\AppData\Local\Programs\Python\Python312\;C:\Users\ins1f\AppData\Local\Microsoft\WindowsApps;C:\Users\ins1f\AppData\Local\Programs\Python\Python312\Scripts;C:\Users\ins1f\AppData\Roaming\npm;C:\Program Files\Java\jdk-17\bin;C:\Users\ins1f\AppData\Local\Microsoft\WinGet\Packages\Gyan.FFmpeg_Microsoft.Winget.Source_8wekyb3d8bbwe\ffmpeg-7.1.1-full_build\bin;C:\Users\ins1f\AppData\Local\Microsoft\WinGet\Packages\yt-dlp.yt-dlp_Microsoft.Winget.Source_8wekyb3d8bbwe;C:\Users\ins1f\AppData\Local\Programs\Microsoft VS Code\bin;C:\Program Files\Java\jdk-17\bin
JRE paths:	;C:\Users\ins1f\AppData\Local\Programs\Python\Python312\Scripts;C:\Program Files\Common Files\Oracle\Java\javapath;C:\Program Files (x86)\Common Files\Intel\Shared Libraries\redist\intel64\compiler;C:\WINDOWS\system32;C:\WINDOWS;C:\WINDOWS\System32\Wbem;C:\WINDOWS\System32\WindowsPowerShell\v1.0\;C:\WINDOWS\System32\OpenSSH\;C:\Program Files\dotnet\;C:\ProgramData\chocolatey\bin;E:\;C:\Program Files\nodejs\;C:\Program Files\Java\jdk-17\bin;C:\Program Files\MySQL\MySQL Shell 8.0\bin\;C:\Users\ins1f\AppData\Local\Programs\Python\Python312\Scripts\;C:\Users\ins1f\AppData\Local\Programs\Python\Python312\;C:\Users\ins1f\AppData\Local\Microsoft\WindowsApps;C:\Users\ins1f\AppData\Local\Programs\Python\Python312\Scripts;C:\Users\ins1f\AppData\Roaming\npm;C:\Program Files\Java\jdk-17\bin;C:\Users\ins1f\AppData\Local\Microsoft\WinGet\Packages\Gyan.FFmpeg_Microsoft.Winget.Source_8wekyb3d8bbwe\ffmpeg-7.1.1-full_build\bin;C:\Users\ins1f\AppData\Local\Microsoft\WinGet\Packages\yt-dlp.yt-dlp_Microsoft.Winget.Source_8wekyb3d8bbwe;C:\Users\ins1f\AppData\Local\Programs\Microsoft VS Code\bin;C:\Program Files\Java\jdk-17\bin
Check launcher:	C:\Users\ins1f\AppData\Local\Programs\Python\Python312\Scripts\bin\javaw.exe (not found)
Check launcher:	C:\Program Files\Common Files\Oracle\Java\javapath\bin\javaw.exe (not found)
Check launcher:	C:\Program Files (x86)\Common Files\Intel\Shared Libraries\redist\intel64\compiler\bin\javaw.exe (not found)
Check launcher:	C:\WINDOWS\system32\bin\javaw.exe (not found)
Check launcher:	C:\WINDOWS\bin\javaw.exe (not found)
Check launcher:	C:\WINDOWS\System32\Wbem\bin\javaw.exe (not found)
Check launcher:	C:\WINDOWS\System32\WindowsPowerShell\v1.0\bin\javaw.exe (not found)
Check launcher:	C:\WINDOWS\System32\OpenSSH\bin\javaw.exe (not found)
Check launcher:	C:\Program Files\dotnet\bin\javaw.exe (not found)
Check launcher:	C:\ProgramData\chocolatey\bin\javaw.exe (not found)
Check launcher:	E:\bin\javaw.exe (not found)
Check launcher:	C:\Program Files\nodejs\bin\javaw.exe (not found)
Check launcher:	C:\Program Files\Java\jdk-17\bin\javaw.exe (OK)
Version string: 1.017.000_012 / 64-Bit (OK)
Launcher:	C:\Program Files\Java\jdk-17\bin\javaw.exe
Launcher args:	-jar "C:\Users\ins1f\Downloads\CollegeTransferCertificate\saiccet.exe"
Args length:	70/32768 chars
Exit code:	0


Version:	3.50
CmdLine:	C:\Users\ins1f\Downloads\CollegeTransferCertificate\saiccet.exe --l4j-debug
JNI:		No
WOW64:		Yes
Working dir:	C:\Users\ins1f\Downloads\CollegeTransferCertificate\.
Requires JDK:	No
Requires 64-Bit: No
Java min ver:	1.008.000
Java max ver:	
Substitute:	JAVA_HOME = 
Substitute:	PATH = C:\Users\ins1f\AppData\Local\Programs\Python\Python312\Scripts;C:\Program Files\Common Files\Oracle\Java\javapath;C:\Program Files (x86)\Common Files\Intel\Shared Libraries\redist\intel64\compiler;C:\WINDOWS\system32;C:\WINDOWS;C:\WINDOWS\System32\Wbem;C:\WINDOWS\System32\WindowsPowerShell\v1.0\;C:\WINDOWS\System32\OpenSSH\;C:\Program Files\dotnet\;C:\ProgramData\chocolatey\bin;E:\;C:\Program Files\nodejs\;C:\Program Files\Java\jdk-17\bin;C:\Program Files\MySQL\MySQL Shell 8.0\bin\;C:\Users\ins1f\AppData\Local\Programs\Python\Python312\Scripts\;C:\Users\ins1f\AppData\Local\Programs\Python\Python312\;C:\Users\ins1f\AppData\Local\Microsoft\WindowsApps;C:\Users\ins1f\AppData\Local\Programs\Python\Python312\Scripts;C:\Users\ins1f\AppData\Roaming\npm;C:\Program Files\Java\jdk-17\bin;C:\Users\ins1f\AppData\Local\Microsoft\WinGet\Packages\Gyan.FFmpeg_Microsoft.Winget.Source_8wekyb3d8bbwe\ffmpeg-7.1.1-full_build\bin;C:\Users\ins1f\AppData\Local\Microsoft\WinGet\Packages\yt-dlp.yt-dlp_Microsoft.Winget.Source_8wekyb3d8bbwe;C:\Users\ins1f\AppData\Local\Programs\Microsoft VS Code\bin;C:\Program Files\Java\jdk-17\bin
JRE paths:	;C:\Users\ins1f\AppData\Local\Programs\Python\Python312\Scripts;C:\Program Files\Common Files\Oracle\Java\javapath;C:\Program Files (x86)\Common Files\Intel\Shared Libraries\redist\intel64\compiler;C:\WINDOWS\system32;C:\WINDOWS;C:\WINDOWS\System32\Wbem;C:\WINDOWS\System32\WindowsPowerShell\v1.0\;C:\WINDOWS\System32\OpenSSH\;C:\Program Files\dotnet\;C:\ProgramData\chocolatey\bin;E:\;C:\Program Files\nodejs\;C:\Program Files\Java\jdk-17\bin;C:\Program Files\MySQL\MySQL Shell 8.0\bin\;C:\Users\ins1f\AppData\Local\Programs\Python\Python312\Scripts\;C:\Users\ins1f\AppData\Local\Programs\Python\Python312\;C:\Users\ins1f\AppData\Local\Microsoft\WindowsApps;C:\Users\ins1f\AppData\Local\Programs\Python\Python312\Scripts;C:\Users\ins1f\AppData\Roaming\npm;C:\Program Files\Java\jdk-17\bin;C:\Users\ins1f\AppData\Local\Microsoft\WinGet\Packages\Gyan.FFmpeg_Microsoft.Winget.Source_8wekyb3d8bbwe\ffmpeg-7.1.1-full_build\bin;C:\Users\ins1f\AppData\Local\Microsoft\WinGet\Packages\yt-dlp.yt-dlp_Microsoft.Winget.Source_8wekyb3d8bbwe;C:\Users\ins1f\AppData\Local\Programs\Microsoft VS Code\bin;C:\Program Files\Java\jdk-17\bin
Check launcher:	C:\Users\ins1f\AppData\Local\Programs\Python\Python312\Scripts\bin\javaw.exe (not found)
Check launcher:	C:\Program Files\Common Files\Oracle\Java\javapath\bin\javaw.exe (not found)
Check launcher:	C:\Program Files (x86)\Common Files\Intel\Shared Libraries\redist\intel64\compiler\bin\javaw.exe (not found)
Check launcher:	C:\WINDOWS\system32\bin\javaw.exe (not found)
Check launcher:	C:\WINDOWS\bin\javaw.exe (not found)
Check launcher:	C:\WINDOWS\System32\Wbem\bin\javaw.exe (not found)
Check launcher:	C:\WINDOWS\System32\WindowsPowerShell\v1.0\bin\javaw.exe (not found)
Check launcher:	C:\WINDOWS\System32\OpenSSH\bin\javaw.exe (not found)
Check launcher:	C:\Program Files\dotnet\bin\javaw.exe (not found)
Check launcher:	C:\ProgramData\chocolatey\bin\javaw.exe (not found)
Check launcher:	E:\bin\javaw.exe (not found)
Check launcher:	C:\Program Files\nodejs\bin\javaw.exe (not found)
Check launcher:	C:\Program Files\Java\jdk-17\bin\javaw.exe (OK)
Version string: 1.017.000_012 / 64-Bit (OK)
Main class:	src.LoginPage
Add classpath:	Lib\mysql-connector-j-9.2.0.jar
Add classpath:	Lib\itextpdf-5.5.13.3.jar
Add classpath:	Lib\poi-ooxml-5.2.4.jar
Add classpath:	Lib\poi-5.2.4.jar
Launcher:	C:\Program Files\Java\jdk-17\bin\javaw.exe
Launcher args:	-classpath "C:\Users\ins1f\Downloads\CollegeTransferCertificate\saiccet.exe;Lib\mysql-connector-j-9.2.0.jar;Lib\itextpdf-5.5.13.3.jar;Lib\poi-ooxml-5.2.4.jar;Lib\poi-5.2.4.jar" src.LoginPage
Args length:	190/32768 chars
Exit code:	0


Version:	3.50
CmdLine:	C:\Users\ins1f\Downloads\CollegeTransferCertificate\saiccet.exe --l4j-debug
JNI:		No
WOW64:		Yes
Working dir:	C:\Users\ins1f\Downloads\CollegeTransferCertificate\.
Requires JDK:	No
Requires 64-Bit: No
Java min ver:	1.008.000
Java max ver:	
Substitute:	JAVA_HOME = 
Substitute:	PATH = C:\Users\ins1f\AppData\Local\Programs\Python\Python312\Scripts;C:\Program Files\Common Files\Oracle\Java\javapath;C:\Program Files (x86)\Common Files\Intel\Shared Libraries\redist\intel64\compiler;C:\WINDOWS\system32;C:\WINDOWS;C:\WINDOWS\System32\Wbem;C:\WINDOWS\System32\WindowsPowerShell\v1.0\;C:\WINDOWS\System32\OpenSSH\;C:\Program Files\dotnet\;C:\ProgramData\chocolatey\bin;E:\;C:\Program Files\nodejs\;C:\Program Files\Java\jdk-17\bin;C:\Program Files\MySQL\MySQL Shell 8.0\bin\;C:\Users\ins1f\AppData\Local\Programs\Python\Python312\Scripts\;C:\Users\ins1f\AppData\Local\Programs\Python\Python312\;C:\Users\ins1f\AppData\Local\Microsoft\WindowsApps;C:\Users\ins1f\AppData\Local\Programs\Python\Python312\Scripts;C:\Users\ins1f\AppData\Roaming\npm;C:\Program Files\Java\jdk-17\bin;C:\Users\ins1f\AppData\Local\Microsoft\WinGet\Packages\Gyan.FFmpeg_Microsoft.Winget.Source_8wekyb3d8bbwe\ffmpeg-7.1.1-full_build\bin;C:\Users\ins1f\AppData\Local\Microsoft\WinGet\Packages\yt-dlp.yt-dlp_Microsoft.Winget.Source_8wekyb3d8bbwe;C:\Users\ins1f\AppData\Local\Programs\Microsoft VS Code\bin;C:\Program Files\Java\jdk-17\bin
JRE paths:	;C:\Users\ins1f\AppData\Local\Programs\Python\Python312\Scripts;C:\Program Files\Common Files\Oracle\Java\javapath;C:\Program Files (x86)\Common Files\Intel\Shared Libraries\redist\intel64\compiler;C:\WINDOWS\system32;C:\WINDOWS;C:\WINDOWS\System32\Wbem;C:\WINDOWS\System32\WindowsPowerShell\v1.0\;C:\WINDOWS\System32\OpenSSH\;C:\Program Files\dotnet\;C:\ProgramData\chocolatey\bin;E:\;C:\Program Files\nodejs\;C:\Program Files\Java\jdk-17\bin;C:\Program Files\MySQL\MySQL Shell 8.0\bin\;C:\Users\ins1f\AppData\Local\Programs\Python\Python312\Scripts\;C:\Users\ins1f\AppData\Local\Programs\Python\Python312\;C:\Users\ins1f\AppData\Local\Microsoft\WindowsApps;C:\Users\ins1f\AppData\Local\Programs\Python\Python312\Scripts;C:\Users\ins1f\AppData\Roaming\npm;C:\Program Files\Java\jdk-17\bin;C:\Users\ins1f\AppData\Local\Microsoft\WinGet\Packages\Gyan.FFmpeg_Microsoft.Winget.Source_8wekyb3d8bbwe\ffmpeg-7.1.1-full_build\bin;C:\Users\ins1f\AppData\Local\Microsoft\WinGet\Packages\yt-dlp.yt-dlp_Microsoft.Winget.Source_8wekyb3d8bbwe;C:\Users\ins1f\AppData\Local\Programs\Microsoft VS Code\bin;C:\Program Files\Java\jdk-17\bin
Check launcher:	C:\Users\ins1f\AppData\Local\Programs\Python\Python312\Scripts\bin\javaw.exe (not found)
Check launcher:	C:\Program Files\Common Files\Oracle\Java\javapath\bin\javaw.exe (not found)
Check launcher:	C:\Program Files (x86)\Common Files\Intel\Shared Libraries\redist\intel64\compiler\bin\javaw.exe (not found)
Check launcher:	C:\WINDOWS\system32\bin\javaw.exe (not found)
Check launcher:	C:\WINDOWS\bin\javaw.exe (not found)
Check launcher:	C:\WINDOWS\System32\Wbem\bin\javaw.exe (not found)
Check launcher:	C:\WINDOWS\System32\WindowsPowerShell\v1.0\bin\javaw.exe (not found)
Check launcher:	C:\WINDOWS\System32\OpenSSH\bin\javaw.exe (not found)
Check launcher:	C:\Program Files\dotnet\bin\javaw.exe (not found)
Check launcher:	C:\ProgramData\chocolatey\bin\javaw.exe (not found)
Check launcher:	E:\bin\javaw.exe (not found)
Check launcher:	C:\Program Files\nodejs\bin\javaw.exe (not found)
Check launcher:	C:\Program Files\Java\jdk-17\bin\javaw.exe (OK)
Version string: 1.017.000_012 / 64-Bit (OK)
Main class:	src.LoginPage
Add classpath:	Lib\mysql-connector-j-9.2.0.jar
Add classpath:	Lib\itextpdf-5.5.13.3.jar
Add classpath:	Lib\poi-ooxml-5.2.4.jar
Add classpath:	Lib\poi-5.2.4.jar
Launcher:	C:\Program Files\Java\jdk-17\bin\javaw.exe
Launcher args:	-classpath "C:\Users\ins1f\Downloads\CollegeTransferCertificate\saiccet.exe;Lib\mysql-connector-j-9.2.0.jar;Lib\itextpdf-5.5.13.3.jar;Lib\poi-ooxml-5.2.4.jar;Lib\poi-5.2.4.jar" src.LoginPage
Args length:	190/32768 chars
Exit code:	0


Version:	3.50
CmdLine:	C:\Users\ins1f\Downloads\CollegeTransferCertificate\saiccet.exe --l4j-debug
JNI:		No
WOW64:		Yes
Working dir:	C:\Users\ins1f\Downloads\CollegeTransferCertificate\.
Requires JDK:	No
Requires 64-Bit: No
Java min ver:	1.008.000
Java max ver:	
Substitute:	JAVA_HOME = 
Substitute:	PATH = C:\Users\ins1f\AppData\Local\Programs\Python\Python312\Scripts;C:\Program Files\Common Files\Oracle\Java\javapath;C:\Program Files (x86)\Common Files\Intel\Shared Libraries\redist\intel64\compiler;C:\WINDOWS\system32;C:\WINDOWS;C:\WINDOWS\System32\Wbem;C:\WINDOWS\System32\WindowsPowerShell\v1.0\;C:\WINDOWS\System32\OpenSSH\;C:\Program Files\dotnet\;C:\ProgramData\chocolatey\bin;E:\;C:\Program Files\nodejs\;C:\Program Files\Java\jdk-17\bin;C:\Program Files\MySQL\MySQL Shell 8.0\bin\;C:\Users\ins1f\AppData\Local\Programs\Python\Python312\Scripts\;C:\Users\ins1f\AppData\Local\Programs\Python\Python312\;C:\Users\ins1f\AppData\Local\Microsoft\WindowsApps;C:\Users\ins1f\AppData\Local\Programs\Python\Python312\Scripts;C:\Users\ins1f\AppData\Roaming\npm;C:\Program Files\Java\jdk-17\bin;C:\Users\ins1f\AppData\Local\Microsoft\WinGet\Packages\Gyan.FFmpeg_Microsoft.Winget.Source_8wekyb3d8bbwe\ffmpeg-7.1.1-full_build\bin;C:\Users\ins1f\AppData\Local\Microsoft\WinGet\Packages\yt-dlp.yt-dlp_Microsoft.Winget.Source_8wekyb3d8bbwe;C:\Users\ins1f\AppData\Local\Programs\Microsoft VS Code\bin;C:\Program Files\Java\jdk-17\bin
JRE paths:	;C:\Users\ins1f\AppData\Local\Programs\Python\Python312\Scripts;C:\Program Files\Common Files\Oracle\Java\javapath;C:\Program Files (x86)\Common Files\Intel\Shared Libraries\redist\intel64\compiler;C:\WINDOWS\system32;C:\WINDOWS;C:\WINDOWS\System32\Wbem;C:\WINDOWS\System32\WindowsPowerShell\v1.0\;C:\WINDOWS\System32\OpenSSH\;C:\Program Files\dotnet\;C:\ProgramData\chocolatey\bin;E:\;C:\Program Files\nodejs\;C:\Program Files\Java\jdk-17\bin;C:\Program Files\MySQL\MySQL Shell 8.0\bin\;C:\Users\ins1f\AppData\Local\Programs\Python\Python312\Scripts\;C:\Users\ins1f\AppData\Local\Programs\Python\Python312\;C:\Users\ins1f\AppData\Local\Microsoft\WindowsApps;C:\Users\ins1f\AppData\Local\Programs\Python\Python312\Scripts;C:\Users\ins1f\AppData\Roaming\npm;C:\Program Files\Java\jdk-17\bin;C:\Users\ins1f\AppData\Local\Microsoft\WinGet\Packages\Gyan.FFmpeg_Microsoft.Winget.Source_8wekyb3d8bbwe\ffmpeg-7.1.1-full_build\bin;C:\Users\ins1f\AppData\Local\Microsoft\WinGet\Packages\yt-dlp.yt-dlp_Microsoft.Winget.Source_8wekyb3d8bbwe;C:\Users\ins1f\AppData\Local\Programs\Microsoft VS Code\bin;C:\Program Files\Java\jdk-17\bin
Check launcher:	C:\Users\ins1f\AppData\Local\Programs\Python\Python312\Scripts\bin\javaw.exe (not found)
Check launcher:	C:\Program Files\Common Files\Oracle\Java\javapath\bin\javaw.exe (not found)
Check launcher:	C:\Program Files (x86)\Common Files\Intel\Shared Libraries\redist\intel64\compiler\bin\javaw.exe (not found)
Check launcher:	C:\WINDOWS\system32\bin\javaw.exe (not found)
Check launcher:	C:\WINDOWS\bin\javaw.exe (not found)
Check launcher:	C:\WINDOWS\System32\Wbem\bin\javaw.exe (not found)
Check launcher:	C:\WINDOWS\System32\WindowsPowerShell\v1.0\bin\javaw.exe (not found)
Check launcher:	C:\WINDOWS\System32\OpenSSH\bin\javaw.exe (not found)
Check launcher:	C:\Program Files\dotnet\bin\javaw.exe (not found)
Check launcher:	C:\ProgramData\chocolatey\bin\javaw.exe (not found)
Check launcher:	E:\bin\javaw.exe (not found)
Check launcher:	C:\Program Files\nodejs\bin\javaw.exe (not found)
Check launcher:	C:\Program Files\Java\jdk-17\bin\javaw.exe (OK)
Version string: 1.017.000_012 / 64-Bit (OK)
Main class:	src.LoginPage
Add classpath:	Lib\mysql-connector-j-9.2.0.jar
Add classpath:	Lib\itextpdf-5.5.13.3.jar
Add classpath:	Lib\poi-ooxml-5.2.4.jar
Add classpath:	Lib\poi-5.2.4.jar
Launcher:	C:\Program Files\Java\jdk-17\bin\javaw.exe
Launcher args:	-classpath "C:\Users\ins1f\Downloads\CollegeTransferCertificate\saiccet.exe;Lib\mysql-connector-j-9.2.0.jar;Lib\itextpdf-5.5.13.3.jar;Lib\poi-ooxml-5.2.4.jar;Lib\poi-5.2.4.jar" src.LoginPage
Args length:	190/32768 chars
Exit code:	0


Version:	3.50
CmdLine:	C:\Users\ins1f\Downloads\CollegeTransferCertificate\saiccet.exe --l4j-debug
JNI:		No
WOW64:		Yes
Working dir:	C:\Users\ins1f\Downloads\CollegeTransferCertificate\.
Requires JDK:	No
Requires 64-Bit: No
Java min ver:	1.008.000
Java max ver:	
Substitute:	JAVA_HOME = 
Substitute:	PATH = C:\Users\ins1f\AppData\Local\Programs\Python\Python312\Scripts;C:\Program Files\Common Files\Oracle\Java\javapath;C:\Program Files (x86)\Common Files\Intel\Shared Libraries\redist\intel64\compiler;C:\WINDOWS\system32;C:\WINDOWS;C:\WINDOWS\System32\Wbem;C:\WINDOWS\System32\WindowsPowerShell\v1.0\;C:\WINDOWS\System32\OpenSSH\;C:\Program Files\dotnet\;C:\ProgramData\chocolatey\bin;E:\;C:\Program Files\nodejs\;C:\Program Files\Java\jdk-17\bin;C:\Program Files\MySQL\MySQL Shell 8.0\bin\;C:\Users\ins1f\AppData\Local\Programs\Python\Python312\Scripts\;C:\Users\ins1f\AppData\Local\Programs\Python\Python312\;C:\Users\ins1f\AppData\Local\Microsoft\WindowsApps;C:\Users\ins1f\AppData\Local\Programs\Python\Python312\Scripts;C:\Users\ins1f\AppData\Roaming\npm;C:\Program Files\Java\jdk-17\bin;C:\Users\ins1f\AppData\Local\Microsoft\WinGet\Packages\Gyan.FFmpeg_Microsoft.Winget.Source_8wekyb3d8bbwe\ffmpeg-7.1.1-full_build\bin;C:\Users\ins1f\AppData\Local\Microsoft\WinGet\Packages\yt-dlp.yt-dlp_Microsoft.Winget.Source_8wekyb3d8bbwe;C:\Users\ins1f\AppData\Local\Programs\Microsoft VS Code\bin;C:\Program Files\Java\jdk-17\bin
JRE paths:	;C:\Users\ins1f\AppData\Local\Programs\Python\Python312\Scripts;C:\Program Files\Common Files\Oracle\Java\javapath;C:\Program Files (x86)\Common Files\Intel\Shared Libraries\redist\intel64\compiler;C:\WINDOWS\system32;C:\WINDOWS;C:\WINDOWS\System32\Wbem;C:\WINDOWS\System32\WindowsPowerShell\v1.0\;C:\WINDOWS\System32\OpenSSH\;C:\Program Files\dotnet\;C:\ProgramData\chocolatey\bin;E:\;C:\Program Files\nodejs\;C:\Program Files\Java\jdk-17\bin;C:\Program Files\MySQL\MySQL Shell 8.0\bin\;C:\Users\ins1f\AppData\Local\Programs\Python\Python312\Scripts\;C:\Users\ins1f\AppData\Local\Programs\Python\Python312\;C:\Users\ins1f\AppData\Local\Microsoft\WindowsApps;C:\Users\ins1f\AppData\Local\Programs\Python\Python312\Scripts;C:\Users\ins1f\AppData\Roaming\npm;C:\Program Files\Java\jdk-17\bin;C:\Users\ins1f\AppData\Local\Microsoft\WinGet\Packages\Gyan.FFmpeg_Microsoft.Winget.Source_8wekyb3d8bbwe\ffmpeg-7.1.1-full_build\bin;C:\Users\ins1f\AppData\Local\Microsoft\WinGet\Packages\yt-dlp.yt-dlp_Microsoft.Winget.Source_8wekyb3d8bbwe;C:\Users\ins1f\AppData\Local\Programs\Microsoft VS Code\bin;C:\Program Files\Java\jdk-17\bin
Check launcher:	C:\Users\ins1f\AppData\Local\Programs\Python\Python312\Scripts\bin\javaw.exe (not found)
Check launcher:	C:\Program Files\Common Files\Oracle\Java\javapath\bin\javaw.exe (not found)
Check launcher:	C:\Program Files (x86)\Common Files\Intel\Shared Libraries\redist\intel64\compiler\bin\javaw.exe (not found)
Check launcher:	C:\WINDOWS\system32\bin\javaw.exe (not found)
Check launcher:	C:\WINDOWS\bin\javaw.exe (not found)
Check launcher:	C:\WINDOWS\System32\Wbem\bin\javaw.exe (not found)
Check launcher:	C:\WINDOWS\System32\WindowsPowerShell\v1.0\bin\javaw.exe (not found)
Check launcher:	C:\WINDOWS\System32\OpenSSH\bin\javaw.exe (not found)
Check launcher:	C:\Program Files\dotnet\bin\javaw.exe (not found)
Check launcher:	C:\ProgramData\chocolatey\bin\javaw.exe (not found)
Check launcher:	E:\bin\javaw.exe (not found)
Check launcher:	C:\Program Files\nodejs\bin\javaw.exe (not found)
Check launcher:	C:\Program Files\Java\jdk-17\bin\javaw.exe (OK)
Version string: 1.017.000_012 / 64-Bit (OK)
Launcher:	C:\Program Files\Java\jdk-17\bin\javaw.exe
Launcher args:	-jar "C:\Users\ins1f\Downloads\CollegeTransferCertificate\saiccet.exe"
Args length:	70/32768 chars
Exit code:	0


Version:	3.50
CmdLine:	C:\Users\ins1f\Downloads\CollegeTransferCertificate\saiccet.exe --l4j-debug
JNI:		No
WOW64:		Yes
Working dir:	C:\Users\ins1f\Downloads\CollegeTransferCertificate\.
Requires JDK:	No
Requires 64-Bit: No
Java min ver:	1.008.000
Java max ver:	
Substitute:	JAVA_HOME = 
Substitute:	PATH = C:\Users\ins1f\AppData\Local\Programs\Python\Python312\Scripts;C:\Program Files\Common Files\Oracle\Java\javapath;C:\Program Files (x86)\Common Files\Intel\Shared Libraries\redist\intel64\compiler;C:\WINDOWS\system32;C:\WINDOWS;C:\WINDOWS\System32\Wbem;C:\WINDOWS\System32\WindowsPowerShell\v1.0\;C:\WINDOWS\System32\OpenSSH\;C:\Program Files\dotnet\;C:\ProgramData\chocolatey\bin;E:\;C:\Program Files\nodejs\;C:\Program Files\Java\jdk-17\bin;C:\Program Files\MySQL\MySQL Shell 8.0\bin\;C:\Users\ins1f\AppData\Local\Programs\Python\Python312\Scripts\;C:\Users\ins1f\AppData\Local\Programs\Python\Python312\;C:\Users\ins1f\AppData\Local\Microsoft\WindowsApps;C:\Users\ins1f\AppData\Local\Programs\Python\Python312\Scripts;C:\Users\ins1f\AppData\Roaming\npm;C:\Program Files\Java\jdk-17\bin;C:\Users\ins1f\AppData\Local\Microsoft\WinGet\Packages\Gyan.FFmpeg_Microsoft.Winget.Source_8wekyb3d8bbwe\ffmpeg-7.1.1-full_build\bin;C:\Users\ins1f\AppData\Local\Microsoft\WinGet\Packages\yt-dlp.yt-dlp_Microsoft.Winget.Source_8wekyb3d8bbwe;C:\Users\ins1f\AppData\Local\Programs\Microsoft VS Code\bin;C:\Program Files\Java\jdk-17\bin
JRE paths:	;C:\Users\ins1f\AppData\Local\Programs\Python\Python312\Scripts;C:\Program Files\Common Files\Oracle\Java\javapath;C:\Program Files (x86)\Common Files\Intel\Shared Libraries\redist\intel64\compiler;C:\WINDOWS\system32;C:\WINDOWS;C:\WINDOWS\System32\Wbem;C:\WINDOWS\System32\WindowsPowerShell\v1.0\;C:\WINDOWS\System32\OpenSSH\;C:\Program Files\dotnet\;C:\ProgramData\chocolatey\bin;E:\;C:\Program Files\nodejs\;C:\Program Files\Java\jdk-17\bin;C:\Program Files\MySQL\MySQL Shell 8.0\bin\;C:\Users\ins1f\AppData\Local\Programs\Python\Python312\Scripts\;C:\Users\ins1f\AppData\Local\Programs\Python\Python312\;C:\Users\ins1f\AppData\Local\Microsoft\WindowsApps;C:\Users\ins1f\AppData\Local\Programs\Python\Python312\Scripts;C:\Users\ins1f\AppData\Roaming\npm;C:\Program Files\Java\jdk-17\bin;C:\Users\ins1f\AppData\Local\Microsoft\WinGet\Packages\Gyan.FFmpeg_Microsoft.Winget.Source_8wekyb3d8bbwe\ffmpeg-7.1.1-full_build\bin;C:\Users\ins1f\AppData\Local\Microsoft\WinGet\Packages\yt-dlp.yt-dlp_Microsoft.Winget.Source_8wekyb3d8bbwe;C:\Users\ins1f\AppData\Local\Programs\Microsoft VS Code\bin;C:\Program Files\Java\jdk-17\bin
Check launcher:	C:\Users\ins1f\AppData\Local\Programs\Python\Python312\Scripts\bin\javaw.exe (not found)
Check launcher:	C:\Program Files\Common Files\Oracle\Java\javapath\bin\javaw.exe (not found)
Check launcher:	C:\Program Files (x86)\Common Files\Intel\Shared Libraries\redist\intel64\compiler\bin\javaw.exe (not found)
Check launcher:	C:\WINDOWS\system32\bin\javaw.exe (not found)
Check launcher:	C:\WINDOWS\bin\javaw.exe (not found)
Check launcher:	C:\WINDOWS\System32\Wbem\bin\javaw.exe (not found)
Check launcher:	C:\WINDOWS\System32\WindowsPowerShell\v1.0\bin\javaw.exe (not found)
Check launcher:	C:\WINDOWS\System32\OpenSSH\bin\javaw.exe (not found)
Check launcher:	C:\Program Files\dotnet\bin\javaw.exe (not found)
Check launcher:	C:\ProgramData\chocolatey\bin\javaw.exe (not found)
Check launcher:	E:\bin\javaw.exe (not found)
Check launcher:	C:\Program Files\nodejs\bin\javaw.exe (not found)
Check launcher:	C:\Program Files\Java\jdk-17\bin\javaw.exe (OK)
Version string: 1.017.000_012 / 64-Bit (OK)
Main class:	src.LoginPage
Add classpath:	Lib\mysql-connector-j-9.2.0.jar
Add classpath:	Lib\itextpdf-5.5.13.3.jar
Add classpath:	Lib\poi-ooxml-5.2.4.jar
Add classpath:	Lib\poi-5.2.4.jar
Add classpath:	Lib\junit-4.13.2.jar
Add classpath:	Lib\hamcrest-core-1.3.jar
Launcher:	C:\Program Files\Java\jdk-17\bin\javaw.exe
Launcher args:	-classpath "C:\Users\ins1f\Downloads\CollegeTransferCertificate\saiccet.exe;Lib\mysql-connector-j-9.2.0.jar;Lib\itextpdf-5.5.13.3.jar;Lib\poi-ooxml-5.2.4.jar;Lib\poi-5.2.4.jar;Lib\junit-4.13.2.jar;Lib\hamcrest-core-1.3.jar" src.LoginPage
Args length:	237/32768 chars
Exit code:	0


Version:	3.50
CmdLine:	C:\Users\ins1f\Downloads\CollegeTransferCertificate\saiccet.exe --l4j-debug
JNI:		No
WOW64:		Yes
Working dir:	C:\Users\ins1f\Downloads\CollegeTransferCertificate\.
Requires JDK:	No
Requires 64-Bit: No
Java min ver:	1.008.000
Java max ver:	
Substitute:	JAVA_HOME = 
Substitute:	PATH = C:\Users\ins1f\AppData\Local\Programs\Python\Python312\Scripts;C:\Program Files\Common Files\Oracle\Java\javapath;C:\Program Files (x86)\Common Files\Intel\Shared Libraries\redist\intel64\compiler;C:\WINDOWS\system32;C:\WINDOWS;C:\WINDOWS\System32\Wbem;C:\WINDOWS\System32\WindowsPowerShell\v1.0\;C:\WINDOWS\System32\OpenSSH\;C:\Program Files\dotnet\;C:\ProgramData\chocolatey\bin;E:\;C:\Program Files\nodejs\;C:\Program Files\Java\jdk-17\bin;C:\Program Files\MySQL\MySQL Shell 8.0\bin\;C:\Users\ins1f\AppData\Local\Programs\Python\Python312\Scripts\;C:\Users\ins1f\AppData\Local\Programs\Python\Python312\;C:\Users\ins1f\AppData\Local\Microsoft\WindowsApps;C:\Users\ins1f\AppData\Local\Programs\Python\Python312\Scripts;C:\Users\ins1f\AppData\Roaming\npm;C:\Program Files\Java\jdk-17\bin;C:\Users\ins1f\AppData\Local\Microsoft\WinGet\Packages\Gyan.FFmpeg_Microsoft.Winget.Source_8wekyb3d8bbwe\ffmpeg-7.1.1-full_build\bin;C:\Users\ins1f\AppData\Local\Microsoft\WinGet\Packages\yt-dlp.yt-dlp_Microsoft.Winget.Source_8wekyb3d8bbwe;C:\Users\ins1f\AppData\Local\Programs\Microsoft VS Code\bin;C:\Program Files\Java\jdk-17\bin
JRE paths:	;C:\Users\ins1f\AppData\Local\Programs\Python\Python312\Scripts;C:\Program Files\Common Files\Oracle\Java\javapath;C:\Program Files (x86)\Common Files\Intel\Shared Libraries\redist\intel64\compiler;C:\WINDOWS\system32;C:\WINDOWS;C:\WINDOWS\System32\Wbem;C:\WINDOWS\System32\WindowsPowerShell\v1.0\;C:\WINDOWS\System32\OpenSSH\;C:\Program Files\dotnet\;C:\ProgramData\chocolatey\bin;E:\;C:\Program Files\nodejs\;C:\Program Files\Java\jdk-17\bin;C:\Program Files\MySQL\MySQL Shell 8.0\bin\;C:\Users\ins1f\AppData\Local\Programs\Python\Python312\Scripts\;C:\Users\ins1f\AppData\Local\Programs\Python\Python312\;C:\Users\ins1f\AppData\Local\Microsoft\WindowsApps;C:\Users\ins1f\AppData\Local\Programs\Python\Python312\Scripts;C:\Users\ins1f\AppData\Roaming\npm;C:\Program Files\Java\jdk-17\bin;C:\Users\ins1f\AppData\Local\Microsoft\WinGet\Packages\Gyan.FFmpeg_Microsoft.Winget.Source_8wekyb3d8bbwe\ffmpeg-7.1.1-full_build\bin;C:\Users\ins1f\AppData\Local\Microsoft\WinGet\Packages\yt-dlp.yt-dlp_Microsoft.Winget.Source_8wekyb3d8bbwe;C:\Users\ins1f\AppData\Local\Programs\Microsoft VS Code\bin;C:\Program Files\Java\jdk-17\bin
Check launcher:	C:\Users\ins1f\AppData\Local\Programs\Python\Python312\Scripts\bin\javaw.exe (not found)
Check launcher:	C:\Program Files\Common Files\Oracle\Java\javapath\bin\javaw.exe (not found)
Check launcher:	C:\Program Files (x86)\Common Files\Intel\Shared Libraries\redist\intel64\compiler\bin\javaw.exe (not found)
Check launcher:	C:\WINDOWS\system32\bin\javaw.exe (not found)
Check launcher:	C:\WINDOWS\bin\javaw.exe (not found)
Check launcher:	C:\WINDOWS\System32\Wbem\bin\javaw.exe (not found)
Check launcher:	C:\WINDOWS\System32\WindowsPowerShell\v1.0\bin\javaw.exe (not found)
Check launcher:	C:\WINDOWS\System32\OpenSSH\bin\javaw.exe (not found)
Check launcher:	C:\Program Files\dotnet\bin\javaw.exe (not found)
Check launcher:	C:\ProgramData\chocolatey\bin\javaw.exe (not found)
Check launcher:	E:\bin\javaw.exe (not found)
Check launcher:	C:\Program Files\nodejs\bin\javaw.exe (not found)
Check launcher:	C:\Program Files\Java\jdk-17\bin\javaw.exe (OK)
Version string: 1.017.000_012 / 64-Bit (OK)
Main class:	src.*
Add classpath:	Lib\mysql-connector-j-9.2.0.jar
Add classpath:	Lib\itextpdf-5.5.13.3.jar
Add classpath:	Lib\poi-ooxml-5.2.4.jar
Add classpath:	Lib\poi-5.2.4.jar
Add classpath:	Lib\junit-4.13.2.jar
Add classpath:	Lib\hamcrest-core-1.3.jar
Launcher:	C:\Program Files\Java\jdk-17\bin\javaw.exe
Launcher args:	-classpath "C:\Users\ins1f\Downloads\CollegeTransferCertificate\saiccet.exe;Lib\mysql-connector-j-9.2.0.jar;Lib\itextpdf-5.5.13.3.jar;Lib\poi-ooxml-5.2.4.jar;Lib\poi-5.2.4.jar;Lib\junit-4.13.2.jar;Lib\hamcrest-core-1.3.jar" src.*
Args length:	229/32768 chars
Exit code:	0
